#
# There is insufficient memory for the Java Runtime Environment to continue.
# Native memory allocation (malloc) failed to allocate 1051792 bytes. Error detail: Chunk::new
# Possible reasons:
#   The system is out of physical RAM or swap space
#   This process is running with CompressedOops enabled, and the Java Heap may be blocking the growth of the native heap
# Possible solutions:
#   Reduce memory load on the system
#   Increase physical memory or swap space
#   Check if swap backing store is full
#   Decrease Java heap size (-Xmx/-Xms)
#   Decrease number of Java threads
#   Decrease Java thread stack sizes (-Xss)
#   Set larger code cache with -XX:ReservedCodeCacheSize=
#   JVM is running with Unscaled Compressed Oops mode in which the Java heap is
#     placed in the first 4GB address space. The Java Heap base address is the
#     maximum limit for the native heap growth. Please use -XX:HeapBaseMinAddress
#     to set the Java Heap base and to place the Java Heap above 4GB virtual address.
# This output file may be truncated or incomplete.
#
#  Out of Memory Error (arena.cpp:191), pid=14072, tid=9748
#
# JRE version: OpenJDK Runtime Environment Corretto-17.0.15.6.1 (17.0.15+6) (build 17.0.15+6-LTS)
# Java VM: OpenJDK 64-Bit Server VM Corretto-17.0.15.6.1 (17.0.15+6-LTS, mixed mode, sharing, tiered, compressed oops, compressed class ptrs, g1 gc, windows-amd64)
# No core dump will be written. Minidumps are not enabled by default on client versions of Windows
#

---------------  S U M M A R Y ------------

Command Line: --add-opens=java.base/java.lang=ALL-UNNAMED --add-opens=java.base/java.lang.invoke=ALL-UNNAMED --add-opens=java.base/java.util=ALL-UNNAMED --add-opens=java.prefs/java.util.prefs=ALL-UNNAMED --add-exports=jdk.compiler/com.sun.tools.javac.api=ALL-UNNAMED --add-exports=jdk.compiler/com.sun.tools.javac.util=ALL-UNNAMED --add-opens=java.base/java.util=ALL-UNNAMED --add-opens=java.prefs/java.util.prefs=ALL-UNNAMED --add-opens=java.base/java.nio.charset=ALL-UNNAMED --add-opens=java.base/java.net=ALL-UNNAMED --add-opens=java.base/java.util.concurrent.atomic=ALL-UNNAMED --add-opens=java.xml/javax.xml.namespace=ALL-UNNAMED -XX:MaxMetaspaceSize=384m -XX:+HeapDumpOnOutOfMemoryError -Xms256m -Xmx512m -Dfile.encoding=UTF-8 -Duser.country=US -Duser.language=en -Duser.variant -javaagent:C:\Users\kithu\.gradle\wrapper\dists\gradle-8.14.3-bin\cv11ve7ro1n3o1j4so8xd9n66\gradle-8.14.3\lib\agents\gradle-instrumentation-agent-8.14.3.jar org.gradle.launcher.daemon.bootstrap.GradleDaemon 8.14.3

Host: 11th Gen Intel(R) Core(TM) i5-1135G7 @ 2.40GHz, 8 cores, 15G,  Windows 11 , 64 bit Build 26100 (10.0.26100.7019)
Time: Wed Nov 12 20:43:08 2025 SE Asia Standard Time elapsed time: 48.240734 seconds (0d 0h 0m 48s)

---------------  T H R E A D  ---------------

Current thread (0x0000027ece7d6390):  JavaThread "C2 CompilerThread2" daemon [_thread_in_native, id=9748, stack(0x000000d7f8c00000,0x000000d7f8d00000)]


Current CompileTask:
C2:  48240 12796       4       io.spring.gradle.dependencymanagement.org.codehaus.plexus.interpolation.PrefixedValueSourceWrapper::getValue (39 bytes)

Stack: [0x000000d7f8c00000,0x000000d7f8d00000]
Native frames: (J=compiled Java code, j=interpreted, Vv=VM code, C=native code)
V  [jvm.dll+0x681149]
V  [jvm.dll+0x838b5a]
V  [jvm.dll+0x83a61e]
V  [jvm.dll+0x83ac83]
V  [jvm.dll+0x24837f]
V  [jvm.dll+0xaca54]
V  [jvm.dll+0xad09c]
V  [jvm.dll+0x367a37]
V  [jvm.dll+0x1bd4d2]
V  [jvm.dll+0x21aa19]
V  [jvm.dll+0x219d01]
V  [jvm.dll+0x1a59fd]
V  [jvm.dll+0x229a5d]
V  [jvm.dll+0x227bec]
V  [jvm.dll+0x7eda37]
V  [jvm.dll+0x7e7f8c]
V  [jvm.dll+0x680017]
C  [ucrtbase.dll+0x37b0]
C  [KERNEL32.DLL+0x2e8d7]
C  [ntdll.dll+0x8c53c]


---------------  P R O C E S S  ---------------

Threads class SMR info:
_java_thread_list=0x0000027ecf588450, length=116, elements={
0x0000027e94bf9570, 0x0000027eaf7caf30, 0x0000027eaf7cbaf0, 0x0000027eaf7d8830,
0x0000027eaf7db300, 0x0000027eaf7dbcc0, 0x0000027eaf7dc680, 0x0000027eaf7e5430,
0x0000027eaf7ebf00, 0x0000027eaf7edf20, 0x0000027eaf7af2b0, 0x0000027eafaf9db0,
0x0000027eca012750, 0x0000027ecaaf7090, 0x0000027ec9ac4910, 0x0000027eca5354c0,
0x0000027ecab8f080, 0x0000027ecab90ee0, 0x0000027ecab8ffb0, 0x0000027ecab913f0,
0x0000027ecab904c0, 0x0000027ecca58120, 0x0000027ecca57c10, 0x0000027ecca58b40,
0x0000027ecca571f0, 0x0000027ecca59560, 0x0000027ecca5b8d0, 0x0000027ecca5d730,
0x0000027ecca5cd10, 0x0000027ecca5bde0, 0x0000027ecca5b3c0, 0x0000027ecc595090,
0x0000027ecc5964d0, 0x0000027ecc594670, 0x0000027ecc594b80, 0x0000027ecc593740,
0x0000027ecc593230, 0x0000027ecc5969e0, 0x0000027ecc5955a0, 0x0000027ecc595ab0,
0x0000027ece2e7320, 0x0000027ece2e4080, 0x0000027ece25d120, 0x0000027ece264aa0,
0x0000027ece2e6e10, 0x0000027ece2e4590, 0x0000027ece2e54c0, 0x0000027ece2e5ee0,
0x0000027ece2e3b70, 0x0000027ece2e7830, 0x0000027ece2e63f0, 0x0000027ece2e6900,
0x0000027ece2e59d0, 0x0000027ece2e7d40, 0x0000027ece2e4aa0, 0x0000027ece2e8760,
0x0000027ece2e4fb0, 0x0000027ece7d43b0, 0x0000027ece2e8c70, 0x0000027ece2ea5c0,
0x0000027ece2e9690, 0x0000027ece2eb4f0, 0x0000027ece2ea0b0, 0x0000027ece2eaad0,
0x0000027ece2e8250, 0x0000027ece2eafe0, 0x0000027ece2e9180, 0x0000027ece2e9ba0,
0x0000027ece25e560, 0x0000027ece25ef80, 0x0000027ece25e050, 0x0000027ece25ea70,
0x0000027ece7d6390, 0x0000027ece2608d0, 0x0000027ece260de0, 0x0000027ece25f490,
0x0000027ece25d630, 0x0000027ece25f9a0, 0x0000027ece25feb0, 0x0000027ece2612f0,
0x0000027ece25db40, 0x0000027ece264080, 0x0000027ece264590, 0x0000027ece263150,
0x0000027ece261800, 0x0000027ece261d10, 0x0000027ece262220, 0x0000027ece262730,
0x0000027ece262c40, 0x0000027ece263660, 0x0000027ece263b70, 0x0000027ecc592810,
0x0000027ecc592300, 0x0000027ecc5918e0, 0x0000027ecc58f060, 0x0000027ecc5913d0,
0x0000027ecc58ff90, 0x0000027ecc592d20, 0x0000027ecc591df0, 0x0000027ecc5909b0,
0x0000027ecc58f570, 0x0000027ecc58fa80, 0x0000027ecc5904a0, 0x0000027ecc594160,
0x0000027ecc590ec0, 0x0000027ecc595fc0, 0x0000027ecca55db0, 0x0000027ecca59a70,
0x0000027ecca562c0, 0x0000027ecca59f80, 0x0000027ecca5a490, 0x0000027ecca56ce0,
0x0000027ecca5a9a0, 0x0000027ecca5aeb0, 0x0000027ecca5c2f0, 0x0000027ecca5c800
}

Java Threads: ( => current thread )
  0x0000027e94bf9570 JavaThread "main" [_thread_blocked, id=9788, stack(0x000000d7f3f00000,0x000000d7f4000000)]
  0x0000027eaf7caf30 JavaThread "Reference Handler" daemon [_thread_blocked, id=14776, stack(0x000000d7f4600000,0x000000d7f4700000)]
  0x0000027eaf7cbaf0 JavaThread "Finalizer" daemon [_thread_blocked, id=7696, stack(0x000000d7f4700000,0x000000d7f4800000)]
  0x0000027eaf7d8830 JavaThread "Signal Dispatcher" daemon [_thread_blocked, id=19136, stack(0x000000d7f4800000,0x000000d7f4900000)]
  0x0000027eaf7db300 JavaThread "Attach Listener" daemon [_thread_blocked, id=12736, stack(0x000000d7f4900000,0x000000d7f4a00000)]
  0x0000027eaf7dbcc0 JavaThread "Service Thread" daemon [_thread_blocked, id=26240, stack(0x000000d7f4a00000,0x000000d7f4b00000)]
  0x0000027eaf7dc680 JavaThread "Monitor Deflation Thread" daemon [_thread_blocked, id=27400, stack(0x000000d7f4b00000,0x000000d7f4c00000)]
  0x0000027eaf7e5430 JavaThread "C2 CompilerThread0" daemon [_thread_in_native, id=18860, stack(0x000000d7f4c00000,0x000000d7f4d00000)]
  0x0000027eaf7ebf00 JavaThread "C1 CompilerThread0" daemon [_thread_in_native, id=8172, stack(0x000000d7f4d00000,0x000000d7f4e00000)]
  0x0000027eaf7edf20 JavaThread "Sweeper thread" daemon [_thread_blocked, id=24000, stack(0x000000d7f4e00000,0x000000d7f4f00000)]
  0x0000027eaf7af2b0 JavaThread "Common-Cleaner" daemon [_thread_blocked, id=21848, stack(0x000000d7f4f00000,0x000000d7f5000000)]
  0x0000027eafaf9db0 JavaThread "Notification Thread" daemon [_thread_blocked, id=25900, stack(0x000000d7f5000000,0x000000d7f5100000)]
  0x0000027eca012750 JavaThread "Daemon health stats" [_thread_blocked, id=21052, stack(0x000000d7f5300000,0x000000d7f5400000)]
  0x0000027ecaaf7090 JavaThread "Incoming local TCP Connector on port 51814" [_thread_in_native, id=21708, stack(0x000000d7f5a00000,0x000000d7f5b00000)]
  0x0000027ec9ac4910 JavaThread "Daemon periodic checks" [_thread_blocked, id=11316, stack(0x000000d7f5b00000,0x000000d7f5c00000)]
  0x0000027eca5354c0 JavaThread "Daemon" [_thread_blocked, id=22936, stack(0x000000d7f5c00000,0x000000d7f5d00000)]
  0x0000027ecab8f080 JavaThread "Daemon worker" [_thread_in_Java, id=27660, stack(0x000000d7f5f00000,0x000000d7f6000000)]
  0x0000027ecab90ee0 JavaThread "Cache worker for journal cache (C:\Users\kithu\.gradle\caches\journal-1)" [_thread_blocked, id=8520, stack(0x000000d7f5200000,0x000000d7f5300000)]
  0x0000027ecab8ffb0 JavaThread "File lock request listener" [_thread_in_native, id=27492, stack(0x000000d7f6300000,0x000000d7f6400000)]
  0x0000027ecab913f0 JavaThread "Cache worker for file hash cache (C:\Users\kithu\.gradle\caches\8.14.3\fileHashes)" [_thread_blocked, id=16852, stack(0x000000d7f6400000,0x000000d7f6500000)]
  0x0000027ecab904c0 JavaThread "File watcher server" daemon [_thread_in_native, id=25460, stack(0x000000d7f6c00000,0x000000d7f6d00000)]
  0x0000027ecca58120 JavaThread "File watcher consumer" daemon [_thread_blocked, id=13508, stack(0x000000d7f6d00000,0x000000d7f6e00000)]
  0x0000027ecca57c10 JavaThread "jar transforms" [_thread_blocked, id=22016, stack(0x000000d7f6e00000,0x000000d7f6f00000)]
  0x0000027ecca58b40 JavaThread "jar transforms Thread 2" [_thread_blocked, id=28612, stack(0x000000d7f6f00000,0x000000d7f7000000)]
  0x0000027ecca571f0 JavaThread "Cache worker for file content cache (C:\Users\kithu\.gradle\caches\8.14.3\fileContent)" [_thread_blocked, id=26440, stack(0x000000d7f7100000,0x000000d7f7200000)]
  0x0000027ecca59560 JavaThread "jar transforms Thread 3" [_thread_blocked, id=25308, stack(0x000000d7f7200000,0x000000d7f7300000)]
  0x0000027ecca5b8d0 JavaThread "jar transforms Thread 4" [_thread_blocked, id=17664, stack(0x000000d7f7700000,0x000000d7f7800000)]
  0x0000027ecca5d730 JavaThread "jar transforms Thread 5" [_thread_blocked, id=27304, stack(0x000000d7f7800000,0x000000d7f7900000)]
  0x0000027ecca5cd10 JavaThread "jar transforms Thread 6" [_thread_blocked, id=2600, stack(0x000000d7f7900000,0x000000d7f7a00000)]
  0x0000027ecca5bde0 JavaThread "jar transforms Thread 7" [_thread_blocked, id=15324, stack(0x000000d7f7a00000,0x000000d7f7b00000)]
  0x0000027ecca5b3c0 JavaThread "jar transforms Thread 8" [_thread_blocked, id=24928, stack(0x000000d7f7b00000,0x000000d7f7c00000)]
  0x0000027ecc595090 JavaThread "Memory manager" [_thread_blocked, id=9424, stack(0x000000d7f9100000,0x000000d7f9200000)]
  0x0000027ecc5964d0 JavaThread "ForkJoinPool.commonPool-worker-1" daemon [_thread_blocked, id=30636, stack(0x000000d7f9300000,0x000000d7f9400000)]
  0x0000027ecc594670 JavaThread "ForkJoinPool.commonPool-worker-2" daemon [_thread_blocked, id=15092, stack(0x000000d7f9400000,0x000000d7f9500000)]
  0x0000027ecc594b80 JavaThread "ForkJoinPool.commonPool-worker-3" daemon [_thread_blocked, id=26148, stack(0x000000d7f9500000,0x000000d7f9600000)]
  0x0000027ecc593740 JavaThread "ForkJoinPool.commonPool-worker-4" daemon [_thread_blocked, id=3688, stack(0x000000d7f9600000,0x000000d7f9700000)]
  0x0000027ecc593230 JavaThread "ForkJoinPool.commonPool-worker-5" daemon [_thread_blocked, id=12540, stack(0x000000d7f9700000,0x000000d7f9800000)]
  0x0000027ecc5969e0 JavaThread "ForkJoinPool.commonPool-worker-6" daemon [_thread_blocked, id=5552, stack(0x000000d7f9800000,0x000000d7f9900000)]
  0x0000027ecc5955a0 JavaThread "ForkJoinPool.commonPool-worker-7" daemon [_thread_blocked, id=29560, stack(0x000000d7f9900000,0x000000d7f9a00000)]
  0x0000027ecc595ab0 JavaThread "Exec process" daemon [_thread_blocked, id=26852, stack(0x000000d7f9a00000,0x000000d7f9b00000)]
  0x0000027ece2e7320 JavaThread "Exec process Thread 2" daemon [_thread_blocked, id=30268, stack(0x000000d7f9b00000,0x000000d7f9c00000)]
  0x0000027ece2e4080 JavaThread "Exec process Thread 3" daemon [_thread_blocked, id=29808, stack(0x000000d7f9c00000,0x000000d7f9d00000)]
  0x0000027ece25d120 JavaThread "included builds" [_thread_blocked, id=24996, stack(0x000000d7fd700000,0x000000d7fd800000)]
  0x0000027ece264aa0 JavaThread "Cache worker for Java compile cache (C:\Users\kithu\.gradle\caches\8.14.3\javaCompile)" [_thread_blocked, id=27912, stack(0x000000d7fe000000,0x000000d7fe100000)]
  0x0000027ece2e6e10 JavaThread "VFS cleanup" [_thread_blocked, id=3032, stack(0x000000d7f6000000,0x000000d7f6100000)]
  0x0000027ece2e4590 JavaThread "Handler for socket connection from /127.0.0.1:51814 to /127.0.0.1:50449" [_thread_in_native, id=29440, stack(0x000000d7f6100000,0x000000d7f6200000)]
  0x0000027ece2e54c0 JavaThread "Daemon Thread 2" [_thread_blocked, id=19808, stack(0x000000d7f6200000,0x000000d7f6300000)]
  0x0000027ece2e5ee0 JavaThread "Cancel handler" [_thread_blocked, id=24008, stack(0x000000d7f6600000,0x000000d7f6700000)]
  0x0000027ece2e3b70 JavaThread "Asynchronous log dispatcher for DefaultDaemonConnection: socket connection from /127.0.0.1:51814 to /127.0.0.1:50449" [_thread_in_native, id=8116, stack(0x000000d7f6700000,0x000000d7f6800000)]
  0x0000027ece2e7830 JavaThread "Stdin handler" [_thread_blocked, id=23276, stack(0x000000d7f6800000,0x000000d7f6900000)]
  0x0000027ece2e63f0 JavaThread "Daemon client event forwarder" [_thread_blocked, id=20948, stack(0x000000d7f7000000,0x000000d7f7100000)]
  0x0000027ece2e6900 JavaThread "Cache worker for file hash cache (E:\PTIT\HK4\Project_React_Native\DB_Instagram\.gradle\8.14.3\fileHashes)" [_thread_blocked, id=28588, stack(0x000000d7f6500000,0x000000d7f6600000)]
  0x0000027ece2e59d0 JavaThread "Cache worker for Build Output Cleanup Cache (E:\PTIT\HK4\Project_React_Native\DB_Instagram\.gradle\buildOutputCleanup)" [_thread_blocked, id=22000, stack(0x000000d7f7300000,0x000000d7f7400000)]
  0x0000027ece2e7d40 JavaThread "Cache worker for checksums cache (E:\PTIT\HK4\Project_React_Native\DB_Instagram\.gradle\8.14.3\checksums)" [_thread_blocked, id=26264, stack(0x000000d7f7400000,0x000000d7f7500000)]
  0x0000027ece2e4aa0 JavaThread "Cache worker for cache directory md-supplier (C:\Users\kithu\.gradle\caches\8.14.3\md-supplier)" [_thread_blocked, id=14244, stack(0x000000d7f7500000,0x000000d7f7600000)]
  0x0000027ece2e8760 JavaThread "Cache worker for cache directory md-rule (C:\Users\kithu\.gradle\caches\8.14.3\md-rule)" [_thread_blocked, id=15048, stack(0x000000d7f7600000,0x000000d7f7700000)]
  0x0000027ece2e4fb0 JavaThread "Unconstrained build operations" [_thread_blocked, id=3684, stack(0x000000d7f7c00000,0x000000d7f7d00000)]
  0x0000027ece7d43b0 JavaThread "C2 CompilerThread1" daemon [_thread_in_native, id=16156, stack(0x000000d7f7d00000,0x000000d7f7e00000)]
  0x0000027ece2e8c70 JavaThread "Unconstrained build operations Thread 2" [_thread_blocked, id=28368, stack(0x000000d7f7e00000,0x000000d7f7f00000)]
  0x0000027ece2ea5c0 JavaThread "Unconstrained build operations Thread 3" [_thread_blocked, id=30604, stack(0x000000d7f7f00000,0x000000d7f8000000)]
  0x0000027ece2e9690 JavaThread "Unconstrained build operations Thread 4" [_thread_blocked, id=30384, stack(0x000000d7f8000000,0x000000d7f8100000)]
  0x0000027ece2eb4f0 JavaThread "Unconstrained build operations Thread 5" [_thread_blocked, id=10520, stack(0x000000d7f8100000,0x000000d7f8200000)]
  0x0000027ece2ea0b0 JavaThread "Unconstrained build operations Thread 6" [_thread_blocked, id=16452, stack(0x000000d7f8200000,0x000000d7f8300000)]
  0x0000027ece2eaad0 JavaThread "Unconstrained build operations Thread 7" [_thread_blocked, id=26636, stack(0x000000d7f8300000,0x000000d7f8400000)]
  0x0000027ece2e8250 JavaThread "Unconstrained build operations Thread 8" [_thread_blocked, id=22916, stack(0x000000d7f8400000,0x000000d7f8500000)]
  0x0000027ece2eafe0 JavaThread "Unconstrained build operations Thread 9" [_thread_blocked, id=30244, stack(0x000000d7f8500000,0x000000d7f8600000)]
  0x0000027ece2e9180 JavaThread "Unconstrained build operations Thread 10" [_thread_blocked, id=4324, stack(0x000000d7f8600000,0x000000d7f8700000)]
  0x0000027ece2e9ba0 JavaThread "Unconstrained build operations Thread 11" [_thread_blocked, id=11536, stack(0x000000d7f8700000,0x000000d7f8800000)]
  0x0000027ece25e560 JavaThread "Unconstrained build operations Thread 12" [_thread_blocked, id=9904, stack(0x000000d7f8800000,0x000000d7f8900000)]
  0x0000027ece25ef80 JavaThread "Unconstrained build operations Thread 13" [_thread_blocked, id=7516, stack(0x000000d7f8900000,0x000000d7f8a00000)]
  0x0000027ece25e050 JavaThread "Unconstrained build operations Thread 14" [_thread_blocked, id=7048, stack(0x000000d7f8a00000,0x000000d7f8b00000)]
  0x0000027ece25ea70 JavaThread "Unconstrained build operations Thread 15" [_thread_blocked, id=8348, stack(0x000000d7f8b00000,0x000000d7f8c00000)]
=>0x0000027ece7d6390 JavaThread "C2 CompilerThread2" daemon [_thread_in_native, id=9748, stack(0x000000d7f8c00000,0x000000d7f8d00000)]
  0x0000027ece2608d0 JavaThread "Unconstrained build operations Thread 16" [_thread_blocked, id=29092, stack(0x000000d7f8d00000,0x000000d7f8e00000)]
  0x0000027ece260de0 JavaThread "Unconstrained build operations Thread 17" [_thread_blocked, id=21728, stack(0x000000d7f8e00000,0x000000d7f8f00000)]
  0x0000027ece25f490 JavaThread "Unconstrained build operations Thread 18" [_thread_blocked, id=4276, stack(0x000000d7f8f00000,0x000000d7f9000000)]
  0x0000027ece25d630 JavaThread "Unconstrained build operations Thread 19" [_thread_blocked, id=29748, stack(0x000000d7f9000000,0x000000d7f9100000)]
  0x0000027ece25f9a0 JavaThread "Unconstrained build operations Thread 20" [_thread_blocked, id=15012, stack(0x000000d7f9d00000,0x000000d7f9e00000)]
  0x0000027ece25feb0 JavaThread "Unconstrained build operations Thread 21" [_thread_blocked, id=14288, stack(0x000000d7f9e00000,0x000000d7f9f00000)]
  0x0000027ece2612f0 JavaThread "Unconstrained build operations Thread 22" [_thread_blocked, id=15200, stack(0x000000d7f9f00000,0x000000d7fa000000)]
  0x0000027ece25db40 JavaThread "Unconstrained build operations Thread 23" [_thread_blocked, id=28972, stack(0x000000d7fa000000,0x000000d7fa100000)]
  0x0000027ece264080 JavaThread "Unconstrained build operations Thread 24" [_thread_blocked, id=26464, stack(0x000000d7fa100000,0x000000d7fa200000)]
  0x0000027ece264590 JavaThread "Unconstrained build operations Thread 25" [_thread_blocked, id=26528, stack(0x000000d7fa200000,0x000000d7fa300000)]
  0x0000027ece263150 JavaThread "Unconstrained build operations Thread 26" [_thread_blocked, id=18896, stack(0x000000d7fa300000,0x000000d7fa400000)]
  0x0000027ece261800 JavaThread "Unconstrained build operations Thread 27" [_thread_blocked, id=9100, stack(0x000000d7fa400000,0x000000d7fa500000)]
  0x0000027ece261d10 JavaThread "Unconstrained build operations Thread 28" [_thread_blocked, id=29500, stack(0x000000d7fa500000,0x000000d7fa600000)]
  0x0000027ece262220 JavaThread "Unconstrained build operations Thread 29" [_thread_blocked, id=14360, stack(0x000000d7fa600000,0x000000d7fa700000)]
  0x0000027ece262730 JavaThread "Unconstrained build operations Thread 30" [_thread_blocked, id=1588, stack(0x000000d7fa700000,0x000000d7fa800000)]
  0x0000027ece262c40 JavaThread "Unconstrained build operations Thread 31" [_thread_blocked, id=9536, stack(0x000000d7fa800000,0x000000d7fa900000)]
  0x0000027ece263660 JavaThread "Unconstrained build operations Thread 32" [_thread_blocked, id=10308, stack(0x000000d7fa900000,0x000000d7faa00000)]
  0x0000027ece263b70 JavaThread "Unconstrained build operations Thread 33" [_thread_blocked, id=12776, stack(0x000000d7faa00000,0x000000d7fab00000)]
  0x0000027ecc592810 JavaThread "Unconstrained build operations Thread 34" [_thread_blocked, id=7340, stack(0x000000d7fab00000,0x000000d7fac00000)]
  0x0000027ecc592300 JavaThread "Unconstrained build operations Thread 35" [_thread_blocked, id=28000, stack(0x000000d7fac00000,0x000000d7fad00000)]
  0x0000027ecc5918e0 JavaThread "Unconstrained build operations Thread 36" [_thread_blocked, id=8132, stack(0x000000d7fad00000,0x000000d7fae00000)]
  0x0000027ecc58f060 JavaThread "Unconstrained build operations Thread 37" [_thread_blocked, id=10080, stack(0x000000d7fae00000,0x000000d7faf00000)]
  0x0000027ecc5913d0 JavaThread "Unconstrained build operations Thread 38" [_thread_blocked, id=23424, stack(0x000000d7faf00000,0x000000d7fb000000)]
  0x0000027ecc58ff90 JavaThread "Unconstrained build operations Thread 39" [_thread_blocked, id=8956, stack(0x000000d7fb000000,0x000000d7fb100000)]
  0x0000027ecc592d20 JavaThread "Unconstrained build operations Thread 40" [_thread_blocked, id=14900, stack(0x000000d7fb100000,0x000000d7fb200000)]
  0x0000027ecc591df0 JavaThread "Unconstrained build operations Thread 41" [_thread_blocked, id=30036, stack(0x000000d7fb200000,0x000000d7fb300000)]
  0x0000027ecc5909b0 JavaThread "Unconstrained build operations Thread 42" [_thread_blocked, id=23592, stack(0x000000d7fb300000,0x000000d7fb400000)]
  0x0000027ecc58f570 JavaThread "Unconstrained build operations Thread 43" [_thread_blocked, id=29644, stack(0x000000d7fb400000,0x000000d7fb500000)]
  0x0000027ecc58fa80 JavaThread "Unconstrained build operations Thread 44" [_thread_blocked, id=17084, stack(0x000000d7fb500000,0x000000d7fb600000)]
  0x0000027ecc5904a0 JavaThread "Unconstrained build operations Thread 45" [_thread_blocked, id=556, stack(0x000000d7fb600000,0x000000d7fb700000)]
  0x0000027ecc594160 JavaThread "Unconstrained build operations Thread 46" [_thread_blocked, id=8864, stack(0x000000d7fb700000,0x000000d7fb800000)]
  0x0000027ecc590ec0 JavaThread "Unconstrained build operations Thread 47" [_thread_blocked, id=5284, stack(0x000000d7fb800000,0x000000d7fb900000)]
  0x0000027ecc595fc0 JavaThread "Unconstrained build operations Thread 48" [_thread_blocked, id=22988, stack(0x000000d7fb900000,0x000000d7fba00000)]
  0x0000027ecca55db0 JavaThread "Unconstrained build operations Thread 49" [_thread_blocked, id=23452, stack(0x000000d7fba00000,0x000000d7fbb00000)]
  0x0000027ecca59a70 JavaThread "Unconstrained build operations Thread 50" [_thread_blocked, id=8508, stack(0x000000d7fbb00000,0x000000d7fbc00000)]
  0x0000027ecca562c0 JavaThread "Unconstrained build operations Thread 51" [_thread_blocked, id=10664, stack(0x000000d7fbc00000,0x000000d7fbd00000)]
  0x0000027ecca59f80 JavaThread "Unconstrained build operations Thread 52" [_thread_blocked, id=28496, stack(0x000000d7fbd00000,0x000000d7fbe00000)]
  0x0000027ecca5a490 JavaThread "Unconstrained build operations Thread 53" [_thread_blocked, id=2076, stack(0x000000d7fbe00000,0x000000d7fbf00000)]
  0x0000027ecca56ce0 JavaThread "Unconstrained build operations Thread 54" [_thread_blocked, id=28692, stack(0x000000d7fbf00000,0x000000d7fc000000)]
  0x0000027ecca5a9a0 JavaThread "Unconstrained build operations Thread 55" [_thread_blocked, id=23476, stack(0x000000d7fc000000,0x000000d7fc100000)]
  0x0000027ecca5aeb0 JavaThread "Unconstrained build operations Thread 56" [_thread_blocked, id=11332, stack(0x000000d7fc100000,0x000000d7fc200000)]
  0x0000027ecca5c2f0 JavaThread "Unconstrained build operations Thread 57" [_thread_blocked, id=30200, stack(0x000000d7fc200000,0x000000d7fc300000)]
  0x0000027ecca5c800 JavaThread "Unconstrained build operations Thread 58" [_thread_blocked, id=29156, stack(0x000000d7fc300000,0x000000d7fc400000)]

Other Threads:
  0x0000027eaf7bee30 VMThread "VM Thread" [stack: 0x000000d7f4500000,0x000000d7f4600000] [id=22696]
  0x0000027e94bfa3f0 WatcherThread [stack: 0x000000d7f5100000,0x000000d7f5200000] [id=21616]
  0x0000027e94c2a8e0 GCTaskThread "GC Thread#0" [stack: 0x000000d7f4000000,0x000000d7f4100000] [id=8060]
  0x0000027ec93c2190 GCTaskThread "GC Thread#1" [stack: 0x000000d7f5400000,0x000000d7f5500000] [id=2196]
  0x0000027ec93fbf10 GCTaskThread "GC Thread#2" [stack: 0x000000d7f5500000,0x000000d7f5600000] [id=15776]
  0x0000027ec9100a50 GCTaskThread "GC Thread#3" [stack: 0x000000d7f5600000,0x000000d7f5700000] [id=27172]
  0x0000027eafcf9ab0 GCTaskThread "GC Thread#4" [stack: 0x000000d7f5700000,0x000000d7f5800000] [id=19548]
  0x0000027ec9318730 GCTaskThread "GC Thread#5" [stack: 0x000000d7f5800000,0x000000d7f5900000] [id=24732]
  0x0000027ecb54e1a0 GCTaskThread "GC Thread#6" [stack: 0x000000d7f6900000,0x000000d7f6a00000] [id=5156]
  0x0000027ecb54f220 GCTaskThread "GC Thread#7" [stack: 0x000000d7f6a00000,0x000000d7f6b00000] [id=20328]
  0x0000027e94c2f830 ConcurrentGCThread "G1 Main Marker" [stack: 0x000000d7f4100000,0x000000d7f4200000] [id=24260]
  0x0000027e94c30250 ConcurrentGCThread "G1 Conc#0" [stack: 0x000000d7f4200000,0x000000d7f4300000] [id=9688]
  0x0000027ecb54d960 ConcurrentGCThread "G1 Conc#1" [stack: 0x000000d7f6b00000,0x000000d7f6c00000] [id=9776]
  0x0000027e94cae1a0 ConcurrentGCThread "G1 Refine#0" [stack: 0x000000d7f4300000,0x000000d7f4400000] [id=27920]
  0x0000027ec95b2a80 ConcurrentGCThread "G1 Refine#1" [stack: 0x000000d7f5900000,0x000000d7f5a00000] [id=18496]
  0x0000027ecdee9240 ConcurrentGCThread "G1 Refine#2" [stack: 0x000000d7f9200000,0x000000d7f9300000] [id=23020]
  0x0000027ece4e7640 ConcurrentGCThread "G1 Refine#3" [stack: 0x000000d7fd600000,0x000000d7fd700000] [id=21120]
  0x0000027e94caea70 ConcurrentGCThread "G1 Service" [stack: 0x000000d7f4400000,0x000000d7f4500000] [id=13184]

Threads with active compile tasks:
C2 CompilerThread0    48277 12870       4       java.util.IdentityHashMap::get (60 bytes)
C1 CompilerThread0    48277 12893       3       org.gradle.api.internal.artifacts.ivyservice.DefaultCacheExpirationControl::artifactExpiry (115 bytes)
C2 CompilerThread1    48277 12834   !   4       io.spring.gradle.dependencymanagement.org.codehaus.plexus.interpolation.reflection.ReflectionValueExtractor::getPropertyValue (114 bytes)
C2 CompilerThread2    48277 12796       4       io.spring.gradle.dependencymanagement.org.codehaus.plexus.interpolation.PrefixedValueSourceWrapper::getValue (39 bytes)

VM state: not at safepoint (normal execution)

VM Mutex/Monitor currently owned by a thread: None

Heap address: 0x00000000e0000000, size: 512 MB, Compressed Oops mode: 32-bit

CDS archive(s) mapped at: [0x0000027eb0000000-0x0000027eb0bb0000-0x0000027eb0bb0000), size 12255232, SharedBaseAddress: 0x0000027eb0000000, ArchiveRelocationMode: 1.
Compressed class space mapped at: 0x0000027eb1000000-0x0000027ec5000000, reserved size: 335544320
Narrow klass base: 0x0000027eb0000000, Narrow klass shift: 0, Narrow klass range: 0x100000000

GC Precious Log:
 CPUs: 8 total, 8 available
 Memory: 16122M
 Large Page Support: Disabled
 NUMA Support: Disabled
 Compressed Oops: Enabled (32-bit)
 Heap Region Size: 1M
 Heap Min Capacity: 256M
 Heap Initial Capacity: 256M
 Heap Max Capacity: 512M
 Pre-touch: Disabled
 Parallel Workers: 8
 Concurrent Workers: 2
 Concurrent Refinement Workers: 8
 Periodic GC: Disabled

Heap:
 garbage-first heap   total 262144K, used 124297K [0x00000000e0000000, 0x0000000100000000)
  region size 1024K, 56 young (57344K), 7 survivors (7168K)
 Metaspace       used 71961K, committed 72704K, reserved 393216K
  class space    used 9834K, committed 10176K, reserved 327680K

Heap Regions: E=young(eden), S=young(survivor), O=old, HS=humongous(starts), HC=humongous(continues), CS=collection set, F=free, OA=open archive, CA=closed archive, TAMS=top-at-mark-start (previous, next)
|   0|0x00000000e0000000, 0x00000000e0100000, 0x00000000e0100000|100%|HS|  |TAMS 0x00000000e0100000, 0x00000000e0000000| Complete 
|   1|0x00000000e0100000, 0x00000000e0200000, 0x00000000e0200000|100%|HC|  |TAMS 0x00000000e0200000, 0x00000000e0100000| Complete 
|   2|0x00000000e0200000, 0x00000000e0300000, 0x00000000e0300000|100%|HC|  |TAMS 0x00000000e0300000, 0x00000000e0200000| Complete 
|   3|0x00000000e0300000, 0x00000000e0400000, 0x00000000e0400000|100%| O|  |TAMS 0x00000000e0400000, 0x00000000e0300000| Untracked 
|   4|0x00000000e0400000, 0x00000000e0500000, 0x00000000e0500000|100%| O|  |TAMS 0x00000000e0500000, 0x00000000e0400000| Untracked 
|   5|0x00000000e0500000, 0x00000000e0600000, 0x00000000e0600000|100%| O|  |TAMS 0x00000000e0600000, 0x00000000e0500000| Untracked 
|   6|0x00000000e0600000, 0x00000000e0700000, 0x00000000e0700000|100%|HS|  |TAMS 0x00000000e0700000, 0x00000000e0600000| Complete 
|   7|0x00000000e0700000, 0x00000000e0800000, 0x00000000e0800000|100%| O|  |TAMS 0x00000000e0800000, 0x00000000e0700000| Untracked 
|   8|0x00000000e0800000, 0x00000000e0900000, 0x00000000e0900000|100%| O|  |TAMS 0x00000000e0900000, 0x00000000e0800000| Untracked 
|   9|0x00000000e0900000, 0x00000000e0a00000, 0x00000000e0a00000|100%| O|  |TAMS 0x00000000e0a00000, 0x00000000e0900000| Untracked 
|  10|0x00000000e0a00000, 0x00000000e0b00000, 0x00000000e0b00000|100%| O|  |TAMS 0x00000000e0b00000, 0x00000000e0a00000| Untracked 
|  11|0x00000000e0b00000, 0x00000000e0c00000, 0x00000000e0c00000|100%| O|  |TAMS 0x00000000e0c00000, 0x00000000e0b00000| Untracked 
|  12|0x00000000e0c00000, 0x00000000e0d00000, 0x00000000e0d00000|100%| O|  |TAMS 0x00000000e0d00000, 0x00000000e0c00000| Untracked 
|  13|0x00000000e0d00000, 0x00000000e0e00000, 0x00000000e0e00000|100%| O|  |TAMS 0x00000000e0e00000, 0x00000000e0d00000| Untracked 
|  14|0x00000000e0e00000, 0x00000000e0f00000, 0x00000000e0f00000|100%| O|  |TAMS 0x00000000e0f00000, 0x00000000e0e00000| Untracked 
|  15|0x00000000e0f00000, 0x00000000e1000000, 0x00000000e1000000|100%| O|  |TAMS 0x00000000e1000000, 0x00000000e0f00000| Untracked 
|  16|0x00000000e1000000, 0x00000000e1100000, 0x00000000e1100000|100%| O|  |TAMS 0x00000000e1100000, 0x00000000e1000000| Untracked 
|  17|0x00000000e1100000, 0x00000000e1200000, 0x00000000e1200000|100%| O|  |TAMS 0x00000000e1200000, 0x00000000e1100000| Untracked 
|  18|0x00000000e1200000, 0x00000000e1300000, 0x00000000e1300000|100%| O|  |TAMS 0x00000000e1300000, 0x00000000e1200000| Untracked 
|  19|0x00000000e1300000, 0x00000000e1400000, 0x00000000e1400000|100%| O|  |TAMS 0x00000000e1400000, 0x00000000e1300000| Untracked 
|  20|0x00000000e1400000, 0x00000000e1500000, 0x00000000e1500000|100%| O|  |TAMS 0x00000000e1500000, 0x00000000e1400000| Untracked 
|  21|0x00000000e1500000, 0x00000000e1600000, 0x00000000e1600000|100%| O|  |TAMS 0x00000000e1600000, 0x00000000e1500000| Untracked 
|  22|0x00000000e1600000, 0x00000000e1700000, 0x00000000e1700000|100%| O|  |TAMS 0x00000000e1700000, 0x00000000e1600000| Untracked 
|  23|0x00000000e1700000, 0x00000000e1800000, 0x00000000e1800000|100%| O|  |TAMS 0x00000000e1800000, 0x00000000e1700000| Untracked 
|  24|0x00000000e1800000, 0x00000000e1900000, 0x00000000e1900000|100%| O|  |TAMS 0x00000000e1900000, 0x00000000e1800000| Untracked 
|  25|0x00000000e1900000, 0x00000000e1a00000, 0x00000000e1a00000|100%| O|  |TAMS 0x00000000e1a00000, 0x00000000e1900000| Untracked 
|  26|0x00000000e1a00000, 0x00000000e1b00000, 0x00000000e1b00000|100%| O|  |TAMS 0x00000000e1b00000, 0x00000000e1a00000| Untracked 
|  27|0x00000000e1b00000, 0x00000000e1c00000, 0x00000000e1c00000|100%| O|  |TAMS 0x00000000e1c00000, 0x00000000e1b00000| Untracked 
|  28|0x00000000e1c00000, 0x00000000e1d00000, 0x00000000e1d00000|100%| O|  |TAMS 0x00000000e1d00000, 0x00000000e1c00000| Untracked 
|  29|0x00000000e1d00000, 0x00000000e1e00000, 0x00000000e1e00000|100%| O|  |TAMS 0x00000000e1e00000, 0x00000000e1d00000| Untracked 
|  30|0x00000000e1e00000, 0x00000000e1f00000, 0x00000000e1f00000|100%| O|  |TAMS 0x00000000e1f00000, 0x00000000e1e00000| Untracked 
|  31|0x00000000e1f00000, 0x00000000e2000000, 0x00000000e2000000|100%| O|  |TAMS 0x00000000e2000000, 0x00000000e1f00000| Untracked 
|  32|0x00000000e2000000, 0x00000000e2100000, 0x00000000e2100000|100%| O|  |TAMS 0x00000000e2100000, 0x00000000e2000000| Untracked 
|  33|0x00000000e2100000, 0x00000000e2200000, 0x00000000e2200000|100%| O|  |TAMS 0x00000000e2200000, 0x00000000e2100000| Untracked 
|  34|0x00000000e2200000, 0x00000000e2300000, 0x00000000e2300000|100%| O|  |TAMS 0x00000000e2300000, 0x00000000e2200000| Untracked 
|  35|0x00000000e2300000, 0x00000000e2400000, 0x00000000e2400000|100%| O|  |TAMS 0x00000000e2400000, 0x00000000e2300000| Untracked 
|  36|0x00000000e2400000, 0x00000000e2500000, 0x00000000e2500000|100%| O|  |TAMS 0x00000000e2500000, 0x00000000e2400000| Untracked 
|  37|0x00000000e2500000, 0x00000000e2600000, 0x00000000e2600000|100%| O|  |TAMS 0x00000000e2600000, 0x00000000e2500000| Untracked 
|  38|0x00000000e2600000, 0x00000000e2700000, 0x00000000e2700000|100%| O|  |TAMS 0x00000000e2700000, 0x00000000e2600000| Untracked 
|  39|0x00000000e2700000, 0x00000000e2800000, 0x00000000e2800000|100%| O|  |TAMS 0x00000000e2800000, 0x00000000e2700000| Untracked 
|  40|0x00000000e2800000, 0x00000000e2900000, 0x00000000e2900000|100%| O|  |TAMS 0x00000000e2900000, 0x00000000e2800000| Untracked 
|  41|0x00000000e2900000, 0x00000000e2a00000, 0x00000000e2a00000|100%| O|  |TAMS 0x00000000e2a00000, 0x00000000e2900000| Untracked 
|  42|0x00000000e2a00000, 0x00000000e2b00000, 0x00000000e2b00000|100%| O|  |TAMS 0x00000000e2b00000, 0x00000000e2a00000| Untracked 
|  43|0x00000000e2b00000, 0x00000000e2c00000, 0x00000000e2c00000|100%| O|  |TAMS 0x00000000e2c00000, 0x00000000e2b00000| Untracked 
|  44|0x00000000e2c00000, 0x00000000e2d00000, 0x00000000e2d00000|100%| O|  |TAMS 0x00000000e2d00000, 0x00000000e2c00000| Untracked 
|  45|0x00000000e2d00000, 0x00000000e2e00000, 0x00000000e2e00000|100%| O|  |TAMS 0x00000000e2e00000, 0x00000000e2d00000| Untracked 
|  46|0x00000000e2e00000, 0x00000000e2f00000, 0x00000000e2f00000|100%| O|  |TAMS 0x00000000e2f00000, 0x00000000e2e00000| Untracked 
|  47|0x00000000e2f00000, 0x00000000e3000000, 0x00000000e3000000|100%| O|  |TAMS 0x00000000e3000000, 0x00000000e2f00000| Untracked 
|  48|0x00000000e3000000, 0x00000000e3100000, 0x00000000e3100000|100%| O|  |TAMS 0x00000000e3086800, 0x00000000e3000000| Untracked 
|  49|0x00000000e3100000, 0x00000000e3200000, 0x00000000e3200000|100%| O|  |TAMS 0x00000000e3100000, 0x00000000e3100000| Untracked 
|  50|0x00000000e3200000, 0x00000000e3200000, 0x00000000e3300000|  0%| F|  |TAMS 0x00000000e3200000, 0x00000000e3200000| Untracked 
|  51|0x00000000e3300000, 0x00000000e3400000, 0x00000000e3400000|100%|HS|  |TAMS 0x00000000e3300000, 0x00000000e3300000| Complete 
|  52|0x00000000e3400000, 0x00000000e3500000, 0x00000000e3500000|100%| O|  |TAMS 0x00000000e3400000, 0x00000000e3400000| Untracked 
|  53|0x00000000e3500000, 0x00000000e3600000, 0x00000000e3600000|100%| O|  |TAMS 0x00000000e3500000, 0x00000000e3500000| Untracked 
|  54|0x00000000e3600000, 0x00000000e3700000, 0x00000000e3700000|100%| O|  |TAMS 0x00000000e3600000, 0x00000000e3600000| Untracked 
|  55|0x00000000e3700000, 0x00000000e3800000, 0x00000000e3800000|100%| O|  |TAMS 0x00000000e3700000, 0x00000000e3700000| Untracked 
|  56|0x00000000e3800000, 0x00000000e3900000, 0x00000000e3900000|100%| O|  |TAMS 0x00000000e3800000, 0x00000000e3800000| Untracked 
|  57|0x00000000e3900000, 0x00000000e3a00000, 0x00000000e3a00000|100%| O|  |TAMS 0x00000000e3900000, 0x00000000e3900000| Untracked 
|  58|0x00000000e3a00000, 0x00000000e3b00000, 0x00000000e3b00000|100%| O|  |TAMS 0x00000000e3a00000, 0x00000000e3a00000| Untracked 
|  59|0x00000000e3b00000, 0x00000000e3c00000, 0x00000000e3c00000|100%| O|  |TAMS 0x00000000e3b00000, 0x00000000e3b00000| Untracked 
|  60|0x00000000e3c00000, 0x00000000e3d00000, 0x00000000e3d00000|100%| O|  |TAMS 0x00000000e3c00000, 0x00000000e3c00000| Untracked 
|  61|0x00000000e3d00000, 0x00000000e3e00000, 0x00000000e3e00000|100%| O|  |TAMS 0x00000000e3d00000, 0x00000000e3d00000| Untracked 
|  62|0x00000000e3e00000, 0x00000000e3f00000, 0x00000000e3f00000|100%| O|  |TAMS 0x00000000e3e00000, 0x00000000e3e00000| Untracked 
|  63|0x00000000e3f00000, 0x00000000e4000000, 0x00000000e4000000|100%| O|  |TAMS 0x00000000e3f00000, 0x00000000e3f00000| Untracked 
|  64|0x00000000e4000000, 0x00000000e4100000, 0x00000000e4100000|100%| O|  |TAMS 0x00000000e4000000, 0x00000000e4000000| Untracked 
|  65|0x00000000e4100000, 0x00000000e4200000, 0x00000000e4200000|100%| O|  |TAMS 0x00000000e4100000, 0x00000000e4100000| Untracked 
|  66|0x00000000e4200000, 0x00000000e4300000, 0x00000000e4300000|100%| O|  |TAMS 0x00000000e4200000, 0x00000000e4200000| Untracked 
|  67|0x00000000e4300000, 0x00000000e436ac00, 0x00000000e4400000| 41%| O|  |TAMS 0x00000000e4300000, 0x00000000e4300000| Untracked 
|  68|0x00000000e4400000, 0x00000000e4400000, 0x00000000e4500000|  0%| F|  |TAMS 0x00000000e4400000, 0x00000000e4400000| Untracked 
|  69|0x00000000e4500000, 0x00000000e4500000, 0x00000000e4600000|  0%| F|  |TAMS 0x00000000e4500000, 0x00000000e4500000| Untracked 
|  70|0x00000000e4600000, 0x00000000e4600000, 0x00000000e4700000|  0%| F|  |TAMS 0x00000000e4600000, 0x00000000e4600000| Untracked 
|  71|0x00000000e4700000, 0x00000000e4700000, 0x00000000e4800000|  0%| F|  |TAMS 0x00000000e4700000, 0x00000000e4700000| Untracked 
|  72|0x00000000e4800000, 0x00000000e4800000, 0x00000000e4900000|  0%| F|  |TAMS 0x00000000e4800000, 0x00000000e4800000| Untracked 
|  73|0x00000000e4900000, 0x00000000e4900000, 0x00000000e4a00000|  0%| F|  |TAMS 0x00000000e4900000, 0x00000000e4900000| Untracked 
|  74|0x00000000e4a00000, 0x00000000e4a00000, 0x00000000e4b00000|  0%| F|  |TAMS 0x00000000e4a00000, 0x00000000e4a00000| Untracked 
|  75|0x00000000e4b00000, 0x00000000e4b00000, 0x00000000e4c00000|  0%| F|  |TAMS 0x00000000e4b00000, 0x00000000e4b00000| Untracked 
|  76|0x00000000e4c00000, 0x00000000e4c00000, 0x00000000e4d00000|  0%| F|  |TAMS 0x00000000e4c00000, 0x00000000e4c00000| Untracked 
|  77|0x00000000e4d00000, 0x00000000e4d00000, 0x00000000e4e00000|  0%| F|  |TAMS 0x00000000e4d00000, 0x00000000e4d00000| Untracked 
|  78|0x00000000e4e00000, 0x00000000e4e00000, 0x00000000e4f00000|  0%| F|  |TAMS 0x00000000e4e00000, 0x00000000e4e00000| Untracked 
|  79|0x00000000e4f00000, 0x00000000e4f00000, 0x00000000e5000000|  0%| F|  |TAMS 0x00000000e4f00000, 0x00000000e4f00000| Untracked 
|  80|0x00000000e5000000, 0x00000000e5000000, 0x00000000e5100000|  0%| F|  |TAMS 0x00000000e5000000, 0x00000000e5000000| Untracked 
|  81|0x00000000e5100000, 0x00000000e5100000, 0x00000000e5200000|  0%| F|  |TAMS 0x00000000e5100000, 0x00000000e5100000| Untracked 
|  82|0x00000000e5200000, 0x00000000e5200000, 0x00000000e5300000|  0%| F|  |TAMS 0x00000000e5200000, 0x00000000e5200000| Untracked 
|  83|0x00000000e5300000, 0x00000000e5300000, 0x00000000e5400000|  0%| F|  |TAMS 0x00000000e5300000, 0x00000000e5300000| Untracked 
|  84|0x00000000e5400000, 0x00000000e5400000, 0x00000000e5500000|  0%| F|  |TAMS 0x00000000e5400000, 0x00000000e5400000| Untracked 
|  85|0x00000000e5500000, 0x00000000e5500000, 0x00000000e5600000|  0%| F|  |TAMS 0x00000000e5500000, 0x00000000e5500000| Untracked 
|  86|0x00000000e5600000, 0x00000000e5600000, 0x00000000e5700000|  0%| F|  |TAMS 0x00000000e5600000, 0x00000000e5600000| Untracked 
|  87|0x00000000e5700000, 0x00000000e5700000, 0x00000000e5800000|  0%| F|  |TAMS 0x00000000e5700000, 0x00000000e5700000| Untracked 
|  88|0x00000000e5800000, 0x00000000e5800000, 0x00000000e5900000|  0%| F|  |TAMS 0x00000000e5800000, 0x00000000e5800000| Untracked 
|  89|0x00000000e5900000, 0x00000000e5900000, 0x00000000e5a00000|  0%| F|  |TAMS 0x00000000e5900000, 0x00000000e5900000| Untracked 
|  90|0x00000000e5a00000, 0x00000000e5a00000, 0x00000000e5b00000|  0%| F|  |TAMS 0x00000000e5a00000, 0x00000000e5a00000| Untracked 
|  91|0x00000000e5b00000, 0x00000000e5b00000, 0x00000000e5c00000|  0%| F|  |TAMS 0x00000000e5b00000, 0x00000000e5b00000| Untracked 
|  92|0x00000000e5c00000, 0x00000000e5c00000, 0x00000000e5d00000|  0%| F|  |TAMS 0x00000000e5c00000, 0x00000000e5c00000| Untracked 
|  93|0x00000000e5d00000, 0x00000000e5d00000, 0x00000000e5e00000|  0%| F|  |TAMS 0x00000000e5d00000, 0x00000000e5d00000| Untracked 
|  94|0x00000000e5e00000, 0x00000000e5e00000, 0x00000000e5f00000|  0%| F|  |TAMS 0x00000000e5e00000, 0x00000000e5e00000| Untracked 
|  95|0x00000000e5f00000, 0x00000000e5f00000, 0x00000000e6000000|  0%| F|  |TAMS 0x00000000e5f00000, 0x00000000e5f00000| Untracked 
|  96|0x00000000e6000000, 0x00000000e6000000, 0x00000000e6100000|  0%| F|  |TAMS 0x00000000e6000000, 0x00000000e6000000| Untracked 
|  97|0x00000000e6100000, 0x00000000e6100000, 0x00000000e6200000|  0%| F|  |TAMS 0x00000000e6100000, 0x00000000e6100000| Untracked 
|  98|0x00000000e6200000, 0x00000000e6200000, 0x00000000e6300000|  0%| F|  |TAMS 0x00000000e6200000, 0x00000000e6200000| Untracked 
|  99|0x00000000e6300000, 0x00000000e6300000, 0x00000000e6400000|  0%| F|  |TAMS 0x00000000e6300000, 0x00000000e6300000| Untracked 
| 100|0x00000000e6400000, 0x00000000e6400000, 0x00000000e6500000|  0%| F|  |TAMS 0x00000000e6400000, 0x00000000e6400000| Untracked 
| 101|0x00000000e6500000, 0x00000000e6500000, 0x00000000e6600000|  0%| F|  |TAMS 0x00000000e6500000, 0x00000000e6500000| Untracked 
| 102|0x00000000e6600000, 0x00000000e6600000, 0x00000000e6700000|  0%| F|  |TAMS 0x00000000e6600000, 0x00000000e6600000| Untracked 
| 103|0x00000000e6700000, 0x00000000e6700000, 0x00000000e6800000|  0%| F|  |TAMS 0x00000000e6700000, 0x00000000e6700000| Untracked 
| 104|0x00000000e6800000, 0x00000000e68f78e8, 0x00000000e6900000| 96%| S|CS|TAMS 0x00000000e6800000, 0x00000000e6800000| Complete 
| 105|0x00000000e6900000, 0x00000000e6a00000, 0x00000000e6a00000|100%| S|CS|TAMS 0x00000000e6900000, 0x00000000e6900000| Complete 
| 106|0x00000000e6a00000, 0x00000000e6b00000, 0x00000000e6b00000|100%| S|CS|TAMS 0x00000000e6a00000, 0x00000000e6a00000| Complete 
| 107|0x00000000e6b00000, 0x00000000e6c00000, 0x00000000e6c00000|100%| S|CS|TAMS 0x00000000e6b00000, 0x00000000e6b00000| Complete 
| 108|0x00000000e6c00000, 0x00000000e6d00000, 0x00000000e6d00000|100%| S|CS|TAMS 0x00000000e6c00000, 0x00000000e6c00000| Complete 
| 109|0x00000000e6d00000, 0x00000000e6e00000, 0x00000000e6e00000|100%| S|CS|TAMS 0x00000000e6d00000, 0x00000000e6d00000| Complete 
| 110|0x00000000e6e00000, 0x00000000e6f00000, 0x00000000e6f00000|100%| S|CS|TAMS 0x00000000e6e00000, 0x00000000e6e00000| Complete 
| 111|0x00000000e6f00000, 0x00000000e6f00000, 0x00000000e7000000|  0%| F|  |TAMS 0x00000000e6f00000, 0x00000000e6f00000| Untracked 
| 112|0x00000000e7000000, 0x00000000e7000000, 0x00000000e7100000|  0%| F|  |TAMS 0x00000000e7000000, 0x00000000e7000000| Untracked 
| 113|0x00000000e7100000, 0x00000000e7100000, 0x00000000e7200000|  0%| F|  |TAMS 0x00000000e7100000, 0x00000000e7100000| Untracked 
| 114|0x00000000e7200000, 0x00000000e7200000, 0x00000000e7300000|  0%| F|  |TAMS 0x00000000e7200000, 0x00000000e7200000| Untracked 
| 115|0x00000000e7300000, 0x00000000e7300000, 0x00000000e7400000|  0%| F|  |TAMS 0x00000000e7300000, 0x00000000e7300000| Untracked 
| 116|0x00000000e7400000, 0x00000000e7400000, 0x00000000e7500000|  0%| F|  |TAMS 0x00000000e7400000, 0x00000000e7400000| Untracked 
| 117|0x00000000e7500000, 0x00000000e7500000, 0x00000000e7600000|  0%| F|  |TAMS 0x00000000e7500000, 0x00000000e7500000| Untracked 
| 118|0x00000000e7600000, 0x00000000e7600000, 0x00000000e7700000|  0%| F|  |TAMS 0x00000000e7600000, 0x00000000e7600000| Untracked 
| 119|0x00000000e7700000, 0x00000000e7700000, 0x00000000e7800000|  0%| F|  |TAMS 0x00000000e7700000, 0x00000000e7700000| Untracked 
| 120|0x00000000e7800000, 0x00000000e7800000, 0x00000000e7900000|  0%| F|  |TAMS 0x00000000e7800000, 0x00000000e7800000| Untracked 
| 121|0x00000000e7900000, 0x00000000e7900000, 0x00000000e7a00000|  0%| F|  |TAMS 0x00000000e7900000, 0x00000000e7900000| Untracked 
| 122|0x00000000e7a00000, 0x00000000e7a00000, 0x00000000e7b00000|  0%| F|  |TAMS 0x00000000e7a00000, 0x00000000e7a00000| Untracked 
| 123|0x00000000e7b00000, 0x00000000e7b00000, 0x00000000e7c00000|  0%| F|  |TAMS 0x00000000e7b00000, 0x00000000e7b00000| Untracked 
| 124|0x00000000e7c00000, 0x00000000e7c00000, 0x00000000e7d00000|  0%| F|  |TAMS 0x00000000e7c00000, 0x00000000e7c00000| Untracked 
| 125|0x00000000e7d00000, 0x00000000e7d00000, 0x00000000e7e00000|  0%| F|  |TAMS 0x00000000e7d00000, 0x00000000e7d00000| Untracked 
| 126|0x00000000e7e00000, 0x00000000e7e00000, 0x00000000e7f00000|  0%| F|  |TAMS 0x00000000e7e00000, 0x00000000e7e00000| Untracked 
| 127|0x00000000e7f00000, 0x00000000e7f00000, 0x00000000e8000000|  0%| F|  |TAMS 0x00000000e7f00000, 0x00000000e7f00000| Untracked 
| 128|0x00000000e8000000, 0x00000000e8000000, 0x00000000e8100000|  0%| F|  |TAMS 0x00000000e8000000, 0x00000000e8000000| Untracked 
| 129|0x00000000e8100000, 0x00000000e8100000, 0x00000000e8200000|  0%| F|  |TAMS 0x00000000e8100000, 0x00000000e8100000| Untracked 
| 130|0x00000000e8200000, 0x00000000e8200000, 0x00000000e8300000|  0%| F|  |TAMS 0x00000000e8200000, 0x00000000e8200000| Untracked 
| 131|0x00000000e8300000, 0x00000000e8300000, 0x00000000e8400000|  0%| F|  |TAMS 0x00000000e8300000, 0x00000000e8300000| Untracked 
| 132|0x00000000e8400000, 0x00000000e8400000, 0x00000000e8500000|  0%| F|  |TAMS 0x00000000e8400000, 0x00000000e8400000| Untracked 
| 133|0x00000000e8500000, 0x00000000e8500000, 0x00000000e8600000|  0%| F|  |TAMS 0x00000000e8500000, 0x00000000e8500000| Untracked 
| 134|0x00000000e8600000, 0x00000000e8600000, 0x00000000e8700000|  0%| F|  |TAMS 0x00000000e8600000, 0x00000000e8600000| Untracked 
| 135|0x00000000e8700000, 0x00000000e8700000, 0x00000000e8800000|  0%| F|  |TAMS 0x00000000e8700000, 0x00000000e8700000| Untracked 
| 136|0x00000000e8800000, 0x00000000e8800000, 0x00000000e8900000|  0%| F|  |TAMS 0x00000000e8800000, 0x00000000e8800000| Untracked 
| 137|0x00000000e8900000, 0x00000000e8900000, 0x00000000e8a00000|  0%| F|  |TAMS 0x00000000e8900000, 0x00000000e8900000| Untracked 
| 138|0x00000000e8a00000, 0x00000000e8a00000, 0x00000000e8b00000|  0%| F|  |TAMS 0x00000000e8a00000, 0x00000000e8a00000| Untracked 
| 139|0x00000000e8b00000, 0x00000000e8b00000, 0x00000000e8c00000|  0%| F|  |TAMS 0x00000000e8b00000, 0x00000000e8b00000| Untracked 
| 140|0x00000000e8c00000, 0x00000000e8c00000, 0x00000000e8d00000|  0%| F|  |TAMS 0x00000000e8c00000, 0x00000000e8c00000| Untracked 
| 141|0x00000000e8d00000, 0x00000000e8d00000, 0x00000000e8e00000|  0%| F|  |TAMS 0x00000000e8d00000, 0x00000000e8d00000| Untracked 
| 142|0x00000000e8e00000, 0x00000000e8e00000, 0x00000000e8f00000|  0%| F|  |TAMS 0x00000000e8e00000, 0x00000000e8e00000| Untracked 
| 143|0x00000000e8f00000, 0x00000000e8f00000, 0x00000000e9000000|  0%| F|  |TAMS 0x00000000e8f00000, 0x00000000e8f00000| Untracked 
| 144|0x00000000e9000000, 0x00000000e9000000, 0x00000000e9100000|  0%| F|  |TAMS 0x00000000e9000000, 0x00000000e9000000| Untracked 
| 145|0x00000000e9100000, 0x00000000e9100000, 0x00000000e9200000|  0%| F|  |TAMS 0x00000000e9100000, 0x00000000e9100000| Untracked 
| 146|0x00000000e9200000, 0x00000000e9200000, 0x00000000e9300000|  0%| F|  |TAMS 0x00000000e9200000, 0x00000000e9200000| Untracked 
| 147|0x00000000e9300000, 0x00000000e9300000, 0x00000000e9400000|  0%| F|  |TAMS 0x00000000e9300000, 0x00000000e9300000| Untracked 
| 148|0x00000000e9400000, 0x00000000e9400000, 0x00000000e9500000|  0%| F|  |TAMS 0x00000000e9400000, 0x00000000e9400000| Untracked 
| 149|0x00000000e9500000, 0x00000000e9500000, 0x00000000e9600000|  0%| F|  |TAMS 0x00000000e9500000, 0x00000000e9500000| Untracked 
| 150|0x00000000e9600000, 0x00000000e9600000, 0x00000000e9700000|  0%| F|  |TAMS 0x00000000e9600000, 0x00000000e9600000| Untracked 
| 151|0x00000000e9700000, 0x00000000e9700000, 0x00000000e9800000|  0%| F|  |TAMS 0x00000000e9700000, 0x00000000e9700000| Untracked 
| 152|0x00000000e9800000, 0x00000000e9800000, 0x00000000e9900000|  0%| F|  |TAMS 0x00000000e9800000, 0x00000000e9800000| Untracked 
| 153|0x00000000e9900000, 0x00000000e9900000, 0x00000000e9a00000|  0%| F|  |TAMS 0x00000000e9900000, 0x00000000e9900000| Untracked 
| 154|0x00000000e9a00000, 0x00000000e9a00000, 0x00000000e9b00000|  0%| F|  |TAMS 0x00000000e9a00000, 0x00000000e9a00000| Untracked 
| 155|0x00000000e9b00000, 0x00000000e9b00000, 0x00000000e9c00000|  0%| F|  |TAMS 0x00000000e9b00000, 0x00000000e9b00000| Untracked 
| 156|0x00000000e9c00000, 0x00000000e9c00000, 0x00000000e9d00000|  0%| F|  |TAMS 0x00000000e9c00000, 0x00000000e9c00000| Untracked 
| 157|0x00000000e9d00000, 0x00000000e9d00000, 0x00000000e9e00000|  0%| F|  |TAMS 0x00000000e9d00000, 0x00000000e9d00000| Untracked 
| 158|0x00000000e9e00000, 0x00000000e9e00000, 0x00000000e9f00000|  0%| F|  |TAMS 0x00000000e9e00000, 0x00000000e9e00000| Untracked 
| 159|0x00000000e9f00000, 0x00000000e9f00000, 0x00000000ea000000|  0%| F|  |TAMS 0x00000000e9f00000, 0x00000000e9f00000| Untracked 
| 160|0x00000000ea000000, 0x00000000ea000000, 0x00000000ea100000|  0%| F|  |TAMS 0x00000000ea000000, 0x00000000ea000000| Untracked 
| 161|0x00000000ea100000, 0x00000000ea100000, 0x00000000ea200000|  0%| F|  |TAMS 0x00000000ea100000, 0x00000000ea100000| Untracked 
| 162|0x00000000ea200000, 0x00000000ea200000, 0x00000000ea300000|  0%| F|  |TAMS 0x00000000ea200000, 0x00000000ea200000| Untracked 
| 163|0x00000000ea300000, 0x00000000ea300000, 0x00000000ea400000|  0%| F|  |TAMS 0x00000000ea300000, 0x00000000ea300000| Untracked 
| 164|0x00000000ea400000, 0x00000000ea400000, 0x00000000ea500000|  0%| F|  |TAMS 0x00000000ea400000, 0x00000000ea400000| Untracked 
| 165|0x00000000ea500000, 0x00000000ea500000, 0x00000000ea600000|  0%| F|  |TAMS 0x00000000ea500000, 0x00000000ea500000| Untracked 
| 166|0x00000000ea600000, 0x00000000ea600000, 0x00000000ea700000|  0%| F|  |TAMS 0x00000000ea600000, 0x00000000ea600000| Untracked 
| 167|0x00000000ea700000, 0x00000000ea700000, 0x00000000ea800000|  0%| F|  |TAMS 0x00000000ea700000, 0x00000000ea700000| Untracked 
| 168|0x00000000ea800000, 0x00000000ea800000, 0x00000000ea900000|  0%| F|  |TAMS 0x00000000ea800000, 0x00000000ea800000| Untracked 
| 169|0x00000000ea900000, 0x00000000ea900000, 0x00000000eaa00000|  0%| F|  |TAMS 0x00000000ea900000, 0x00000000ea900000| Untracked 
| 170|0x00000000eaa00000, 0x00000000eaa00000, 0x00000000eab00000|  0%| F|  |TAMS 0x00000000eaa00000, 0x00000000eaa00000| Untracked 
| 171|0x00000000eab00000, 0x00000000eab00000, 0x00000000eac00000|  0%| F|  |TAMS 0x00000000eab00000, 0x00000000eab00000| Untracked 
| 172|0x00000000eac00000, 0x00000000eac00000, 0x00000000ead00000|  0%| F|  |TAMS 0x00000000eac00000, 0x00000000eac00000| Untracked 
| 173|0x00000000ead00000, 0x00000000ead00000, 0x00000000eae00000|  0%| F|  |TAMS 0x00000000ead00000, 0x00000000ead00000| Untracked 
| 174|0x00000000eae00000, 0x00000000eae00000, 0x00000000eaf00000|  0%| F|  |TAMS 0x00000000eae00000, 0x00000000eae00000| Untracked 
| 175|0x00000000eaf00000, 0x00000000eaf00000, 0x00000000eb000000|  0%| F|  |TAMS 0x00000000eaf00000, 0x00000000eaf00000| Untracked 
| 176|0x00000000eb000000, 0x00000000eb000000, 0x00000000eb100000|  0%| F|  |TAMS 0x00000000eb000000, 0x00000000eb000000| Untracked 
| 177|0x00000000eb100000, 0x00000000eb100000, 0x00000000eb200000|  0%| F|  |TAMS 0x00000000eb100000, 0x00000000eb100000| Untracked 
| 178|0x00000000eb200000, 0x00000000eb200000, 0x00000000eb300000|  0%| F|  |TAMS 0x00000000eb200000, 0x00000000eb200000| Untracked 
| 179|0x00000000eb300000, 0x00000000eb300000, 0x00000000eb400000|  0%| F|  |TAMS 0x00000000eb300000, 0x00000000eb300000| Untracked 
| 180|0x00000000eb400000, 0x00000000eb400000, 0x00000000eb500000|  0%| F|  |TAMS 0x00000000eb400000, 0x00000000eb400000| Untracked 
| 181|0x00000000eb500000, 0x00000000eb500000, 0x00000000eb600000|  0%| F|  |TAMS 0x00000000eb500000, 0x00000000eb500000| Untracked 
| 182|0x00000000eb600000, 0x00000000eb600000, 0x00000000eb700000|  0%| F|  |TAMS 0x00000000eb600000, 0x00000000eb600000| Untracked 
| 183|0x00000000eb700000, 0x00000000eb700000, 0x00000000eb800000|  0%| F|  |TAMS 0x00000000eb700000, 0x00000000eb700000| Untracked 
| 184|0x00000000eb800000, 0x00000000eb800000, 0x00000000eb900000|  0%| F|  |TAMS 0x00000000eb800000, 0x00000000eb800000| Untracked 
| 185|0x00000000eb900000, 0x00000000eb900000, 0x00000000eba00000|  0%| F|  |TAMS 0x00000000eb900000, 0x00000000eb900000| Untracked 
| 186|0x00000000eba00000, 0x00000000eba00000, 0x00000000ebb00000|  0%| F|  |TAMS 0x00000000eba00000, 0x00000000eba00000| Untracked 
| 187|0x00000000ebb00000, 0x00000000ebb00000, 0x00000000ebc00000|  0%| F|  |TAMS 0x00000000ebb00000, 0x00000000ebb00000| Untracked 
| 188|0x00000000ebc00000, 0x00000000ebc00000, 0x00000000ebd00000|  0%| F|  |TAMS 0x00000000ebc00000, 0x00000000ebc00000| Untracked 
| 189|0x00000000ebd00000, 0x00000000ebd00000, 0x00000000ebe00000|  0%| F|  |TAMS 0x00000000ebd00000, 0x00000000ebd00000| Untracked 
| 190|0x00000000ebe00000, 0x00000000ebe00000, 0x00000000ebf00000|  0%| F|  |TAMS 0x00000000ebe00000, 0x00000000ebe00000| Untracked 
| 191|0x00000000ebf00000, 0x00000000ebf00000, 0x00000000ec000000|  0%| F|  |TAMS 0x00000000ebf00000, 0x00000000ebf00000| Untracked 
| 192|0x00000000ec000000, 0x00000000ec000000, 0x00000000ec100000|  0%| F|  |TAMS 0x00000000ec000000, 0x00000000ec000000| Untracked 
| 193|0x00000000ec100000, 0x00000000ec100000, 0x00000000ec200000|  0%| F|  |TAMS 0x00000000ec100000, 0x00000000ec100000| Untracked 
| 194|0x00000000ec200000, 0x00000000ec200000, 0x00000000ec300000|  0%| F|  |TAMS 0x00000000ec200000, 0x00000000ec200000| Untracked 
| 195|0x00000000ec300000, 0x00000000ec300000, 0x00000000ec400000|  0%| F|  |TAMS 0x00000000ec300000, 0x00000000ec300000| Untracked 
| 196|0x00000000ec400000, 0x00000000ec400000, 0x00000000ec500000|  0%| F|  |TAMS 0x00000000ec400000, 0x00000000ec400000| Untracked 
| 197|0x00000000ec500000, 0x00000000ec500000, 0x00000000ec600000|  0%| F|  |TAMS 0x00000000ec500000, 0x00000000ec500000| Untracked 
| 198|0x00000000ec600000, 0x00000000ec600000, 0x00000000ec700000|  0%| F|  |TAMS 0x00000000ec600000, 0x00000000ec600000| Untracked 
| 199|0x00000000ec700000, 0x00000000ec700000, 0x00000000ec800000|  0%| F|  |TAMS 0x00000000ec700000, 0x00000000ec700000| Untracked 
| 200|0x00000000ec800000, 0x00000000ec800000, 0x00000000ec900000|  0%| F|  |TAMS 0x00000000ec800000, 0x00000000ec800000| Untracked 
| 201|0x00000000ec900000, 0x00000000ec900000, 0x00000000eca00000|  0%| F|  |TAMS 0x00000000ec900000, 0x00000000ec900000| Untracked 
| 202|0x00000000eca00000, 0x00000000eca00000, 0x00000000ecb00000|  0%| F|  |TAMS 0x00000000eca00000, 0x00000000eca00000| Untracked 
| 203|0x00000000ecb00000, 0x00000000ecb00000, 0x00000000ecc00000|  0%| F|  |TAMS 0x00000000ecb00000, 0x00000000ecb00000| Untracked 
| 204|0x00000000ecc00000, 0x00000000ecc00000, 0x00000000ecd00000|  0%| F|  |TAMS 0x00000000ecc00000, 0x00000000ecc00000| Untracked 
| 205|0x00000000ecd00000, 0x00000000ecd00000, 0x00000000ece00000|  0%| F|  |TAMS 0x00000000ecd00000, 0x00000000ecd00000| Untracked 
| 206|0x00000000ece00000, 0x00000000ece00000, 0x00000000ecf00000|  0%| F|  |TAMS 0x00000000ece00000, 0x00000000ece00000| Untracked 
| 207|0x00000000ecf00000, 0x00000000ecfb87c0, 0x00000000ed000000| 72%| E|  |TAMS 0x00000000ecf00000, 0x00000000ecf00000| Complete 
| 208|0x00000000ed000000, 0x00000000ed100000, 0x00000000ed100000|100%| E|CS|TAMS 0x00000000ed000000, 0x00000000ed000000| Complete 
| 209|0x00000000ed100000, 0x00000000ed200000, 0x00000000ed200000|100%| E|CS|TAMS 0x00000000ed100000, 0x00000000ed100000| Complete 
| 210|0x00000000ed200000, 0x00000000ed300000, 0x00000000ed300000|100%| E|CS|TAMS 0x00000000ed200000, 0x00000000ed200000| Complete 
| 211|0x00000000ed300000, 0x00000000ed400000, 0x00000000ed400000|100%| E|CS|TAMS 0x00000000ed300000, 0x00000000ed300000| Complete 
| 212|0x00000000ed400000, 0x00000000ed500000, 0x00000000ed500000|100%| E|CS|TAMS 0x00000000ed400000, 0x00000000ed400000| Complete 
| 213|0x00000000ed500000, 0x00000000ed600000, 0x00000000ed600000|100%| E|CS|TAMS 0x00000000ed500000, 0x00000000ed500000| Complete 
| 214|0x00000000ed600000, 0x00000000ed700000, 0x00000000ed700000|100%| E|CS|TAMS 0x00000000ed600000, 0x00000000ed600000| Complete 
| 215|0x00000000ed700000, 0x00000000ed800000, 0x00000000ed800000|100%| E|CS|TAMS 0x00000000ed700000, 0x00000000ed700000| Complete 
| 216|0x00000000ed800000, 0x00000000ed900000, 0x00000000ed900000|100%| E|CS|TAMS 0x00000000ed800000, 0x00000000ed800000| Complete 
| 217|0x00000000ed900000, 0x00000000eda00000, 0x00000000eda00000|100%| E|CS|TAMS 0x00000000ed900000, 0x00000000ed900000| Complete 
| 218|0x00000000eda00000, 0x00000000edb00000, 0x00000000edb00000|100%| E|CS|TAMS 0x00000000eda00000, 0x00000000eda00000| Complete 
| 219|0x00000000edb00000, 0x00000000edc00000, 0x00000000edc00000|100%| E|CS|TAMS 0x00000000edb00000, 0x00000000edb00000| Complete 
| 220|0x00000000edc00000, 0x00000000edd00000, 0x00000000edd00000|100%| E|CS|TAMS 0x00000000edc00000, 0x00000000edc00000| Complete 
| 221|0x00000000edd00000, 0x00000000ede00000, 0x00000000ede00000|100%| E|CS|TAMS 0x00000000edd00000, 0x00000000edd00000| Complete 
| 222|0x00000000ede00000, 0x00000000edf00000, 0x00000000edf00000|100%| E|CS|TAMS 0x00000000ede00000, 0x00000000ede00000| Complete 
| 223|0x00000000edf00000, 0x00000000ee000000, 0x00000000ee000000|100%| E|CS|TAMS 0x00000000edf00000, 0x00000000edf00000| Complete 
| 224|0x00000000ee000000, 0x00000000ee100000, 0x00000000ee100000|100%| E|CS|TAMS 0x00000000ee000000, 0x00000000ee000000| Complete 
| 225|0x00000000ee100000, 0x00000000ee200000, 0x00000000ee200000|100%| E|CS|TAMS 0x00000000ee100000, 0x00000000ee100000| Complete 
| 226|0x00000000ee200000, 0x00000000ee300000, 0x00000000ee300000|100%| E|CS|TAMS 0x00000000ee200000, 0x00000000ee200000| Complete 
| 227|0x00000000ee300000, 0x00000000ee400000, 0x00000000ee400000|100%| E|CS|TAMS 0x00000000ee300000, 0x00000000ee300000| Complete 
| 228|0x00000000ee400000, 0x00000000ee500000, 0x00000000ee500000|100%| E|CS|TAMS 0x00000000ee400000, 0x00000000ee400000| Complete 
| 229|0x00000000ee500000, 0x00000000ee600000, 0x00000000ee600000|100%| E|CS|TAMS 0x00000000ee500000, 0x00000000ee500000| Complete 
| 230|0x00000000ee600000, 0x00000000ee700000, 0x00000000ee700000|100%| E|CS|TAMS 0x00000000ee600000, 0x00000000ee600000| Complete 
| 231|0x00000000ee700000, 0x00000000ee800000, 0x00000000ee800000|100%| E|CS|TAMS 0x00000000ee700000, 0x00000000ee700000| Complete 
| 232|0x00000000ee800000, 0x00000000ee900000, 0x00000000ee900000|100%| E|CS|TAMS 0x00000000ee800000, 0x00000000ee800000| Complete 
| 233|0x00000000ee900000, 0x00000000eea00000, 0x00000000eea00000|100%| E|CS|TAMS 0x00000000ee900000, 0x00000000ee900000| Complete 
| 234|0x00000000eea00000, 0x00000000eeb00000, 0x00000000eeb00000|100%| E|CS|TAMS 0x00000000eea00000, 0x00000000eea00000| Complete 
| 235|0x00000000eeb00000, 0x00000000eec00000, 0x00000000eec00000|100%| E|CS|TAMS 0x00000000eeb00000, 0x00000000eeb00000| Complete 
| 236|0x00000000eec00000, 0x00000000eed00000, 0x00000000eed00000|100%| E|CS|TAMS 0x00000000eec00000, 0x00000000eec00000| Complete 
| 237|0x00000000eed00000, 0x00000000eee00000, 0x00000000eee00000|100%| E|CS|TAMS 0x00000000eed00000, 0x00000000eed00000| Complete 
| 238|0x00000000eee00000, 0x00000000eef00000, 0x00000000eef00000|100%| E|CS|TAMS 0x00000000eee00000, 0x00000000eee00000| Complete 
| 239|0x00000000eef00000, 0x00000000ef000000, 0x00000000ef000000|100%| E|CS|TAMS 0x00000000eef00000, 0x00000000eef00000| Complete 
| 240|0x00000000ef000000, 0x00000000ef100000, 0x00000000ef100000|100%| E|CS|TAMS 0x00000000ef000000, 0x00000000ef000000| Complete 
| 241|0x00000000ef100000, 0x00000000ef200000, 0x00000000ef200000|100%| E|CS|TAMS 0x00000000ef100000, 0x00000000ef100000| Complete 
| 242|0x00000000ef200000, 0x00000000ef300000, 0x00000000ef300000|100%| E|CS|TAMS 0x00000000ef200000, 0x00000000ef200000| Complete 
| 243|0x00000000ef300000, 0x00000000ef400000, 0x00000000ef400000|100%| E|CS|TAMS 0x00000000ef300000, 0x00000000ef300000| Complete 
| 244|0x00000000ef400000, 0x00000000ef500000, 0x00000000ef500000|100%| E|CS|TAMS 0x00000000ef400000, 0x00000000ef400000| Complete 
| 245|0x00000000ef500000, 0x00000000ef600000, 0x00000000ef600000|100%| E|CS|TAMS 0x00000000ef500000, 0x00000000ef500000| Complete 
| 246|0x00000000ef600000, 0x00000000ef700000, 0x00000000ef700000|100%| E|CS|TAMS 0x00000000ef600000, 0x00000000ef600000| Complete 
| 247|0x00000000ef700000, 0x00000000ef800000, 0x00000000ef800000|100%| E|CS|TAMS 0x00000000ef700000, 0x00000000ef700000| Complete 
| 248|0x00000000ef800000, 0x00000000ef900000, 0x00000000ef900000|100%| E|CS|TAMS 0x00000000ef800000, 0x00000000ef800000| Complete 
| 249|0x00000000ef900000, 0x00000000efa00000, 0x00000000efa00000|100%| E|CS|TAMS 0x00000000ef900000, 0x00000000ef900000| Complete 
| 250|0x00000000efa00000, 0x00000000efb00000, 0x00000000efb00000|100%| E|CS|TAMS 0x00000000efa00000, 0x00000000efa00000| Complete 
| 251|0x00000000efb00000, 0x00000000efc00000, 0x00000000efc00000|100%| E|CS|TAMS 0x00000000efb00000, 0x00000000efb00000| Complete 
| 252|0x00000000efc00000, 0x00000000efd00000, 0x00000000efd00000|100%| E|CS|TAMS 0x00000000efc00000, 0x00000000efc00000| Complete 
| 253|0x00000000efd00000, 0x00000000efe00000, 0x00000000efe00000|100%| E|CS|TAMS 0x00000000efd00000, 0x00000000efd00000| Complete 
| 254|0x00000000efe00000, 0x00000000eff00000, 0x00000000eff00000|100%| E|CS|TAMS 0x00000000efe00000, 0x00000000efe00000| Complete 
| 255|0x00000000eff00000, 0x00000000f0000000, 0x00000000f0000000|100%| E|CS|TAMS 0x00000000eff00000, 0x00000000eff00000| Complete 

Card table byte_map: [0x0000027eabb70000,0x0000027eabc70000] _byte_map_base: 0x0000027eab470000

Marking Bits (Prev, Next): (CMBitMap*) 0x0000027e94c2af40, (CMBitMap*) 0x0000027e94c2af00
 Prev Bits: [0x0000027eac570000, 0x0000027eacd70000)
 Next Bits: [0x0000027eabd70000, 0x0000027eac570000)

Polling page: 0x0000027e943b0000

Metaspace:

Usage:
  Non-class:     60.68 MB used.
      Class:      9.60 MB used.
       Both:     70.28 MB used.

Virtual space:
  Non-class space:       64.00 MB reserved,      61.06 MB ( 95%) committed,  1 nodes.
      Class space:      320.00 MB reserved,       9.94 MB (  3%) committed,  1 nodes.
             Both:      384.00 MB reserved,      71.00 MB ( 18%) committed. 

Chunk freelists:
   Non-Class:  2.09 MB
       Class:  6.01 MB
        Both:  8.11 MB

MaxMetaspaceSize: 384.00 MB
CompressedClassSpaceSize: 320.00 MB
Initial GC threshold: 21.00 MB
Current GC threshold: 98.75 MB
CDS: on
MetaspaceReclaimPolicy: balanced
 - commit_granule_bytes: 65536.
 - commit_granule_words: 8192.
 - virtual_space_node_default_size: 8388608.
 - enlarge_chunks_in_place: 1.
 - new_chunks_are_fully_committed: 0.
 - uncommit_free_chunks: 1.
 - use_allocation_guard: 0.
 - handle_deallocations: 1.


Internal statistics:

num_allocs_failed_limit: 9.
num_arena_births: 968.
num_arena_deaths: 0.
num_vsnodes_births: 2.
num_vsnodes_deaths: 0.
num_space_committed: 1136.
num_space_uncommitted: 0.
num_chunks_returned_to_freelist: 9.
num_chunks_taken_from_freelist: 4122.
num_chunk_merges: 9.
num_chunk_splits: 2578.
num_chunks_enlarged: 1640.
num_inconsistent_stats: 0.

CodeHeap 'non-profiled nmethods': size=120000Kb used=7870Kb max_used=7870Kb free=112129Kb
 bounds [0x0000027ea4210000, 0x0000027ea49c0000, 0x0000027eab740000]
CodeHeap 'profiled nmethods': size=120000Kb used=22652Kb max_used=22652Kb free=97347Kb
 bounds [0x0000027e9c740000, 0x0000027e9dd60000, 0x0000027ea3c70000]
CodeHeap 'non-nmethods': size=5760Kb used=2377Kb max_used=2441Kb free=3382Kb
 bounds [0x0000027ea3c70000, 0x0000027ea3ee0000, 0x0000027ea4210000]
 total_blobs=12231 nmethods=11337 adapters=806
 compilation: enabled
              stopped_count=0, restarted_count=0
 full_count=0

Compilation events (20 events):
Event: 48.161 Thread 0x0000027eaf7ebf00 12865       3       io.spring.gradle.dependencymanagement.org.apache.maven.model.merge.MavenModelMerger::mergeModelBase_Repositories (210 bytes)
Event: 48.162 Thread 0x0000027ece7d43b0 nmethod 12836 0x0000027ea49b0110 code [0x0000027ea49b02a0, 0x0000027ea49b03f8]
Event: 48.162 Thread 0x0000027ece7d43b0 12834   !   4       io.spring.gradle.dependencymanagement.org.codehaus.plexus.interpolation.reflection.ReflectionValueExtractor::getPropertyValue (114 bytes)
Event: 48.163 Thread 0x0000027eaf7ebf00 nmethod 12865 0x0000027e9dd3b590 code [0x0000027e9dd3b960, 0x0000027e9dd3dbb8]
Event: 48.163 Thread 0x0000027eaf7ebf00 12866       3       io.spring.gradle.dependencymanagement.org.apache.maven.model.merge.MavenModelMerger::mergeModelBase_PluginRepositories (210 bytes)
Event: 48.165 Thread 0x0000027eaf7ebf00 nmethod 12866 0x0000027e9dd3e590 code [0x0000027e9dd3e960, 0x0000027e9dd40bb8]
Event: 48.165 Thread 0x0000027eaf7ebf00 12867       3       io.spring.gradle.dependencymanagement.org.apache.maven.model.merge.ModelMerger::mergeModelBase_Reporting (49 bytes)
Event: 48.165 Thread 0x0000027eaf7ebf00 nmethod 12867 0x0000027e9dd41590 code [0x0000027e9dd41760, 0x0000027e9dd41d08]
Event: 48.165 Thread 0x0000027eaf7ebf00 12868       3       io.spring.gradle.dependencymanagement.org.apache.maven.model.merge.ModelMerger::mergeModelBase_DependencyManagement (49 bytes)
Event: 48.166 Thread 0x0000027eaf7ebf00 nmethod 12868 0x0000027e9dd41f10 code [0x0000027e9dd420e0, 0x0000027e9dd42688]
Event: 48.166 Thread 0x0000027eaf7ebf00 12869       3       io.spring.gradle.dependencymanagement.org.apache.maven.model.InputLocation::merge (121 bytes)
Event: 48.167 Thread 0x0000027eaf7ebf00 nmethod 12869 0x0000027e9dd42890 code [0x0000027e9dd42ac0, 0x0000027e9dd434d8]
Event: 48.186 Thread 0x0000027eaf7ebf00 12871       3       org.gradle.api.internal.artifacts.configurations.DefaultConfiguration::addMutationValidator (12 bytes)
Event: 48.186 Thread 0x0000027eaf7ebf00 nmethod 12871 0x0000027e9dd43810 code [0x0000027e9dd439c0, 0x0000027e9dd43ba8]
Event: 48.197 Thread 0x0000027eaf7ebf00 12872       3       io.spring.gradle.dependencymanagement.org.apache.maven.model.io.xpp3.MavenXpp3Reader::parseScm (346 bytes)
Event: 48.201 Thread 0x0000027eaf7ebf00 nmethod 12872 0x0000027e9dd43c90 code [0x0000027e9dd441e0, 0x0000027e9dd46828]
Event: 48.204 Thread 0x0000027eaf7ebf00 12873       3       org.gradle.api.internal.artifacts.ivyservice.resolveengine.graph.builder.NodeState::cleanupConstraints (202 bytes)
Event: 48.206 Thread 0x0000027eaf7ebf00 nmethod 12873 0x0000027e9dd47790 code [0x0000027e9dd47b20, 0x0000027e9dd49438]
Event: 48.206 Thread 0x0000027eaf7ebf00 12874       3       org.gradle.api.internal.artifacts.ivyservice.resolveengine.artifact.CompositeResolvedArtifactSet::of (101 bytes)
Event: 48.207 Thread 0x0000027eaf7ebf00 nmethod 12874 0x0000027e9dd49c10 code [0x0000027e9dd49ee0, 0x0000027e9dd4af88]

GC Heap History (20 events):
Event: 0.578 GC heap before
{Heap before GC invocations=0 (full 0):
 garbage-first heap   total 262144K, used 23552K [0x00000000e0000000, 0x0000000100000000)
  region size 1024K, 23 young (23552K), 0 survivors (0K)
 Metaspace       used 1051K, committed 1216K, reserved 393216K
  class space    used 73K, committed 128K, reserved 327680K
}
Event: 0.581 GC heap after
{Heap after GC invocations=1 (full 0):
 garbage-first heap   total 262144K, used 1919K [0x00000000e0000000, 0x0000000100000000)
  region size 1024K, 2 young (2048K), 2 survivors (2048K)
 Metaspace       used 1051K, committed 1216K, reserved 393216K
  class space    used 73K, committed 128K, reserved 327680K
}
Event: 1.328 GC heap before
{Heap before GC invocations=1 (full 0):
 garbage-first heap   total 262144K, used 40831K [0x00000000e0000000, 0x0000000100000000)
  region size 1024K, 38 young (38912K), 2 survivors (2048K)
 Metaspace       used 4375K, committed 4544K, reserved 393216K
  class space    used 546K, committed 640K, reserved 327680K
}
Event: 1.331 GC heap after
{Heap after GC invocations=2 (full 0):
 garbage-first heap   total 262144K, used 10643K [0x00000000e0000000, 0x0000000100000000)
  region size 1024K, 5 young (5120K), 5 survivors (5120K)
 Metaspace       used 4375K, committed 4544K, reserved 393216K
  class space    used 546K, committed 640K, reserved 327680K
}
Event: 1.855 GC heap before
{Heap before GC invocations=2 (full 0):
 garbage-first heap   total 262144K, used 59795K [0x00000000e0000000, 0x0000000100000000)
  region size 1024K, 51 young (52224K), 5 survivors (5120K)
 Metaspace       used 4693K, committed 4928K, reserved 393216K
  class space    used 595K, committed 704K, reserved 327680K
}
Event: 1.859 GC heap after
{Heap after GC invocations=3 (full 0):
 garbage-first heap   total 262144K, used 16624K [0x00000000e0000000, 0x0000000100000000)
  region size 1024K, 5 young (5120K), 5 survivors (5120K)
 Metaspace       used 4693K, committed 4928K, reserved 393216K
  class space    used 595K, committed 704K, reserved 327680K
}
Event: 4.345 GC heap before
{Heap before GC invocations=3 (full 0):
 garbage-first heap   total 262144K, used 127216K [0x00000000e0000000, 0x0000000100000000)
  region size 1024K, 114 young (116736K), 5 survivors (5120K)
 Metaspace       used 21161K, committed 21504K, reserved 393216K
  class space    used 3094K, committed 3264K, reserved 327680K
}
Event: 4.361 GC heap after
{Heap after GC invocations=4 (full 0):
 garbage-first heap   total 262144K, used 24155K [0x00000000e0000000, 0x0000000100000000)
  region size 1024K, 12 young (12288K), 12 survivors (12288K)
 Metaspace       used 21161K, committed 21504K, reserved 393216K
  class space    used 3094K, committed 3264K, reserved 327680K
}
Event: 7.042 GC heap before
{Heap before GC invocations=5 (full 0):
 garbage-first heap   total 262144K, used 147035K [0x00000000e0000000, 0x0000000100000000)
  region size 1024K, 129 young (132096K), 12 survivors (12288K)
 Metaspace       used 35611K, committed 35968K, reserved 393216K
  class space    used 4949K, committed 5120K, reserved 327680K
}
Event: 7.058 GC heap after
{Heap after GC invocations=6 (full 0):
 garbage-first heap   total 262144K, used 32668K [0x00000000e0000000, 0x0000000100000000)
  region size 1024K, 16 young (16384K), 16 survivors (16384K)
 Metaspace       used 35611K, committed 35968K, reserved 393216K
  class space    used 4949K, committed 5120K, reserved 327680K
}
Event: 9.627 GC heap before
{Heap before GC invocations=7 (full 0):
 garbage-first heap   total 262144K, used 173980K [0x00000000e0000000, 0x0000000100000000)
  region size 1024K, 153 young (156672K), 16 survivors (16384K)
 Metaspace       used 48655K, committed 49152K, reserved 393216K
  class space    used 6876K, committed 7104K, reserved 327680K
}
Event: 9.645 GC heap after
{Heap after GC invocations=8 (full 0):
 garbage-first heap   total 262144K, used 40030K [0x00000000e0000000, 0x0000000100000000)
  region size 1024K, 16 young (16384K), 16 survivors (16384K)
 Metaspace       used 48655K, committed 49152K, reserved 393216K
  class space    used 6876K, committed 7104K, reserved 327680K
}
Event: 14.091 GC heap before
{Heap before GC invocations=8 (full 0):
 garbage-first heap   total 262144K, used 179294K [0x00000000e0000000, 0x0000000100000000)
  region size 1024K, 153 young (156672K), 16 survivors (16384K)
 Metaspace       used 55032K, committed 55680K, reserved 393216K
  class space    used 7685K, committed 8000K, reserved 327680K
}
Event: 14.112 GC heap after
{Heap after GC invocations=9 (full 0):
 garbage-first heap   total 262144K, used 51174K [0x00000000e0000000, 0x0000000100000000)
  region size 1024K, 19 young (19456K), 19 survivors (19456K)
 Metaspace       used 55032K, committed 55680K, reserved 393216K
  class space    used 7685K, committed 8000K, reserved 327680K
}
Event: 16.363 GC heap before
{Heap before GC invocations=9 (full 0):
 garbage-first heap   total 262144K, used 187366K [0x00000000e0000000, 0x0000000100000000)
  region size 1024K, 153 young (156672K), 19 survivors (19456K)
 Metaspace       used 58316K, committed 58944K, reserved 393216K
  class space    used 8167K, committed 8448K, reserved 327680K
}
Event: 16.387 GC heap after
{Heap after GC invocations=10 (full 0):
 garbage-first heap   total 262144K, used 60954K [0x00000000e0000000, 0x0000000100000000)
  region size 1024K, 11 young (11264K), 11 survivors (11264K)
 Metaspace       used 58316K, committed 58944K, reserved 393216K
  class space    used 8167K, committed 8448K, reserved 327680K
}
Event: 16.929 GC heap before
{Heap before GC invocations=10 (full 0):
 garbage-first heap   total 262144K, used 114202K [0x00000000e0000000, 0x0000000100000000)
  region size 1024K, 65 young (66560K), 11 survivors (11264K)
 Metaspace       used 59822K, committed 60416K, reserved 393216K
  class space    used 8376K, committed 8640K, reserved 327680K
}
Event: 16.947 GC heap after
{Heap after GC invocations=11 (full 0):
 garbage-first heap   total 262144K, used 69980K [0x00000000e0000000, 0x0000000100000000)
  region size 1024K, 19 young (19456K), 19 survivors (19456K)
 Metaspace       used 59822K, committed 60416K, reserved 393216K
  class space    used 8376K, committed 8640K, reserved 327680K
}
Event: 22.066 GC heap before
{Heap before GC invocations=12 (full 0):
 garbage-first heap   total 262144K, used 200028K [0x00000000e0000000, 0x0000000100000000)
  region size 1024K, 145 young (148480K), 19 survivors (19456K)
 Metaspace       used 70509K, committed 71232K, reserved 393216K
  class space    used 9654K, committed 9984K, reserved 327680K
}
Event: 22.089 GC heap after
{Heap after GC invocations=13 (full 0):
 garbage-first heap   total 262144K, used 75145K [0x00000000e0000000, 0x0000000100000000)
  region size 1024K, 7 young (7168K), 7 survivors (7168K)
 Metaspace       used 70509K, committed 71232K, reserved 393216K
  class space    used 9654K, committed 9984K, reserved 327680K
}

Dll operation events (15 events):
Event: 0.018 Loaded shared library C:\Users\kithu\.jdks\jdk17.0.15_6\bin\java.dll
Event: 0.040 Loaded shared library C:\Users\kithu\.jdks\jdk17.0.15_6\bin\jsvml.dll
Event: 0.125 Loaded shared library C:\Users\kithu\.jdks\jdk17.0.15_6\bin\zip.dll
Event: 0.129 Loaded shared library C:\Users\kithu\.jdks\jdk17.0.15_6\bin\instrument.dll
Event: 0.139 Loaded shared library C:\Users\kithu\.jdks\jdk17.0.15_6\bin\net.dll
Event: 0.143 Loaded shared library C:\Users\kithu\.jdks\jdk17.0.15_6\bin\nio.dll
Event: 0.146 Loaded shared library C:\Users\kithu\.jdks\jdk17.0.15_6\bin\zip.dll
Event: 0.496 Loaded shared library C:\Users\kithu\.jdks\jdk17.0.15_6\bin\jimage.dll
Event: 0.689 Loaded shared library C:\Users\kithu\.jdks\jdk17.0.15_6\bin\verify.dll
Event: 0.819 Loaded shared library C:\Users\kithu\.gradle\native\1def1411415f61bf3af743bc5b6707747c0891f09f0c88961ee8f79bc544acac\windows-amd64\native-platform.dll
Event: 0.844 Loaded shared library C:\Users\kithu\.gradle\native\0.2.7\x86_64-windows-gnu\gradle-fileevents.dll
Event: 2.049 Loaded shared library C:\Users\kithu\.jdks\jdk17.0.15_6\bin\management.dll
Event: 2.055 Loaded shared library C:\Users\kithu\.jdks\jdk17.0.15_6\bin\management_ext.dll
Event: 2.303 Loaded shared library C:\Users\kithu\.jdks\jdk17.0.15_6\bin\extnet.dll
Event: 2.569 Loaded shared library C:\Users\kithu\.jdks\jdk17.0.15_6\bin\sunmscapi.dll

Deoptimization events (20 events):
Event: 47.617 Thread 0x0000027ecc593740 Uncommon trap: trap_request=0xffffff45 fr.pc=0x0000027ea4309010 relative=0x0000000000000450
Event: 47.617 Thread 0x0000027ecc593740 Uncommon trap: reason=unstable_if action=reinterpret pc=0x0000027ea4309010 method=java.lang.StringLatin1.regionMatchesCI([BI[BII)Z @ 72 c2
Event: 47.617 Thread 0x0000027ecc593740 DEOPT PACKING pc=0x0000027ea4309010 sp=0x000000d7f96fecc0
Event: 47.617 Thread 0x0000027ecc593740 DEOPT UNPACKING pc=0x0000027ea3cca1a3 sp=0x000000d7f96fec28 mode 2
Event: 47.642 Thread 0x0000027ecab8f080 Uncommon trap: trap_request=0xffffffbe fr.pc=0x0000027ea4791ff0 relative=0x0000000000001190
Event: 47.642 Thread 0x0000027ecab8f080 Uncommon trap: reason=profile_predicate action=maybe_recompile pc=0x0000027ea4791ff0 method=java.util.concurrent.ConcurrentHashMap.putAll(Ljava/util/Map;)V @ 28 c2
Event: 47.642 Thread 0x0000027ecab8f080 DEOPT PACKING pc=0x0000027ea4791ff0 sp=0x000000d7f5ff72d0
Event: 47.643 Thread 0x0000027ecab8f080 DEOPT UNPACKING pc=0x0000027ea3cca1a3 sp=0x000000d7f5ff72a0 mode 2
Event: 47.643 Thread 0x0000027ecab8f080 Uncommon trap: trap_request=0xffffffbe fr.pc=0x0000027ea4791ff0 relative=0x0000000000001190
Event: 47.643 Thread 0x0000027ecab8f080 Uncommon trap: reason=profile_predicate action=maybe_recompile pc=0x0000027ea4791ff0 method=java.util.concurrent.ConcurrentHashMap.putAll(Ljava/util/Map;)V @ 28 c2
Event: 47.643 Thread 0x0000027ecab8f080 DEOPT PACKING pc=0x0000027ea4791ff0 sp=0x000000d7f5ff7150
Event: 47.643 Thread 0x0000027ecab8f080 DEOPT UNPACKING pc=0x0000027ea3cca1a3 sp=0x000000d7f5ff7120 mode 2
Event: 47.705 Thread 0x0000027ecab90ee0 DEOPT PACKING pc=0x0000027e9dac14a9 sp=0x000000d7f52fe760
Event: 47.705 Thread 0x0000027ecab90ee0 DEOPT UNPACKING pc=0x0000027ea3ccace3 sp=0x000000d7f52fdc00 mode 0
Event: 47.788 Thread 0x0000027ecab8f080 DEOPT PACKING pc=0x0000027e9d8f640b sp=0x000000d7f5ff5d30
Event: 47.788 Thread 0x0000027ecab8f080 DEOPT UNPACKING pc=0x0000027ea3ccace3 sp=0x000000d7f5ff51d8 mode 0
Event: 47.908 Thread 0x0000027ecab8f080 DEOPT PACKING pc=0x0000027e9d8f640b sp=0x000000d7f5ff5d30
Event: 47.908 Thread 0x0000027ecab8f080 DEOPT UNPACKING pc=0x0000027ea3ccace3 sp=0x000000d7f5ff51d8 mode 0
Event: 47.924 Thread 0x0000027ecab8f080 DEOPT PACKING pc=0x0000027e9dac14a9 sp=0x000000d7f5ff4960
Event: 47.924 Thread 0x0000027ecab8f080 DEOPT UNPACKING pc=0x0000027ea3ccace3 sp=0x000000d7f5ff3e00 mode 0

Classes loaded (20 events):
Event: 47.318 Loading class java/io/ObjectInputFilter$Config$BuiltinFilterFactory
Event: 47.318 Loading class java/io/ObjectInputFilter$Config$BuiltinFilterFactory done
Event: 47.318 Loading class jdk/internal/access/JavaObjectInputFilterAccess
Event: 47.318 Loading class jdk/internal/access/JavaObjectInputFilterAccess done
Event: 47.319 Loading class java/lang/System$Logger$Level
Event: 47.319 Loading class java/lang/System$Logger$Level done
Event: 47.320 Loading class jdk/internal/event/DeserializationEvent
Event: 47.320 Loading class jdk/internal/event/DeserializationEvent done
Event: 47.322 Loading class java/io/ObjectInputStream$FieldValues
Event: 47.323 Loading class java/io/ObjectInputStream$GetField
Event: 47.323 Loading class java/io/ObjectInputStream$GetField done
Event: 47.323 Loading class java/io/ObjectInputStream$FieldValues done
Event: 47.325 Loading class jdk/internal/math/FormattedFloatingDecimal$Form
Event: 47.326 Loading class jdk/internal/math/FormattedFloatingDecimal$Form done
Event: 47.326 Loading class jdk/internal/math/FormattedFloatingDecimal
Event: 47.326 Loading class jdk/internal/math/FormattedFloatingDecimal done
Event: 47.326 Loading class jdk/internal/math/FormattedFloatingDecimal$1
Event: 47.326 Loading class jdk/internal/math/FormattedFloatingDecimal$1 done
Event: 47.326 Loading class jdk/internal/math/FormattedFloatingDecimal$2
Event: 47.327 Loading class jdk/internal/math/FormattedFloatingDecimal$2 done

Classes unloaded (0 events):
No events

Classes redefined (0 events):
No events

Internal exceptions (20 events):
Event: 22.121 Thread 0x0000027ecab8f080 Exception <a 'sun/nio/fs/WindowsException'{0x00000000efeafdd0}> (0x00000000efeafdd0) 
thrown [s\src\hotspot\share\prims\jni.cpp, line 516]
Event: 22.137 Thread 0x0000027ecb6ecda0 Exception <a 'sun/nio/fs/WindowsException'{0x00000000efd98820}> (0x00000000efd98820) 
thrown [s\src\hotspot\share\prims\jni.cpp, line 516]
Event: 22.146 Thread 0x0000027ecb6ecda0 Exception <a 'sun/nio/fs/WindowsException'{0x00000000efc05f50}> (0x00000000efc05f50) 
thrown [s\src\hotspot\share\prims\jni.cpp, line 516]
Event: 22.536 Thread 0x0000027eca5354c0 Exception <a 'java/lang/NoSuchMethodError'{0x00000000ef20f460}: static Lorg/gradle/tooling/internal/provider/serialization/ClassLoaderDetails;.<clinit>()V> (0x00000000ef20f460) 
thrown [s\src\hotspot\share\prims\jni.cpp, line 1112]
Event: 22.538 Thread 0x0000027eca5354c0 Exception <a 'java/lang/NoSuchMethodError'{0x00000000ef221de0}: static Lorg/gradle/tooling/internal/provider/serialization/WellKnownClassLoaderRegistry$KnownClassLoaderSpec;.<clinit>()V> (0x00000000ef221de0) 
thrown [s\src\hotspot\share\prims\jni.cpp, line 1112]
Event: 22.539 Thread 0x0000027eca5354c0 Exception <a 'java/lang/NoSuchMethodError'{0x00000000ef225fa0}: static Lorg/gradle/internal/classloader/ClassLoaderSpec;.<clinit>()V> (0x00000000ef225fa0) 
thrown [s\src\hotspot\share\prims\jni.cpp, line 1112]
Event: 22.543 Thread 0x0000027eca5354c0 Exception <a 'java/lang/NoSuchMethodError'{0x00000000ef238d48}: static Lorg/gradle/internal/classloader/ClassLoaderSpec;.<clinit>()V> (0x00000000ef238d48) 
thrown [s\src\hotspot\share\prims\jni.cpp, line 1112]
Event: 22.546 Thread 0x0000027eca5354c0 Exception <a 'java/lang/NoSuchMethodError'{0x00000000ef244e80}: static Lorg/gradle/internal/classloader/VisitableURLClassLoader$Spec;.<clinit>()V> (0x00000000ef244e80) 
thrown [s\src\hotspot\share\prims\jni.cpp, line 1112]
Event: 22.564 Thread 0x0000027eca5354c0 Exception <a 'java/lang/NoSuchMethodError'{0x00000000ef265248}: static [Ljava/net/URL;.<clinit>()V> (0x00000000ef265248) 
thrown [s\src\hotspot\share\prims\jni.cpp, line 1112]
Event: 47.305 Thread 0x0000027ece2e59d0 Exception <a 'java/lang/NoSuchMethodError'{0x00000000eef04488}: 'void java.lang.invoke.DirectMethodHandle$Holder.invokeSpecial(java.lang.Object, java.lang.Object, java.lang.Object, int)'> (0x00000000eef04488) 
thrown [s\src\hotspot\share\interpreter\linkResolver.cpp, line 759]
Event: 47.321 Thread 0x0000027ece2e59d0 Exception <a 'java/lang/NoSuchMethodError'{0x00000000eef452c8}: static Lorg/gradle/launcher/daemon/protocol/Command;.<clinit>()V> (0x00000000eef452c8) 
thrown [s\src\hotspot\share\prims\jni.cpp, line 1112]
Event: 47.322 Thread 0x0000027ece2e59d0 Exception <a 'java/lang/NoSuchMethodError'{0x00000000eef4fbe8}: static Lorg/gradle/launcher/daemon/protocol/InvalidateVirtualFileSystemAfterChange;.<clinit>()V> (0x00000000eef4fbe8) 
thrown [s\src\hotspot\share\prims\jni.cpp, line 1112]
Event: 47.413 Thread 0x0000027ecab8f080 Exception <a 'sun/nio/fs/WindowsException'{0x00000000eed844c8}> (0x00000000eed844c8) 
thrown [s\src\hotspot\share\prims\jni.cpp, line 516]
Event: 47.414 Thread 0x0000027ecab8f080 Exception <a 'sun/nio/fs/WindowsException'{0x00000000eed85998}> (0x00000000eed85998) 
thrown [s\src\hotspot\share\prims\jni.cpp, line 516]
Event: 47.414 Thread 0x0000027ecab8f080 Exception <a 'sun/nio/fs/WindowsException'{0x00000000eed86e58}> (0x00000000eed86e58) 
thrown [s\src\hotspot\share\prims\jni.cpp, line 516]
Event: 47.414 Thread 0x0000027ecab8f080 Exception <a 'sun/nio/fs/WindowsException'{0x00000000eed882f8}> (0x00000000eed882f8) 
thrown [s\src\hotspot\share\prims\jni.cpp, line 516]
Event: 47.522 Thread 0x0000027ece2eafe0 Implicit null exception at 0x0000027ea4972a5b to 0x0000027ea4972aec
Event: 47.596 Thread 0x0000027ecab8f080 Exception <a 'java/lang/NoClassDefFoundError'{0x00000000ee6140f8}: org/jetbrains/kotlin/gradle/plugin/KotlinPluginWrapper> (0x00000000ee6140f8) 
thrown [s\src\hotspot\share\oops\constantPool.cpp, line 837]
Event: 47.596 Thread 0x0000027ecab8f080 Exception <a 'java/lang/NoClassDefFoundError'{0x00000000ee6161f0}: org/graalvm/buildtools/gradle/NativeImagePlugin> (0x00000000ee6161f0) 
thrown [s\src\hotspot\share\oops\constantPool.cpp, line 837]
Event: 47.596 Thread 0x0000027ecab8f080 Exception <a 'java/lang/NoClassDefFoundError'{0x00000000ee6182d8}: org/cyclonedx/gradle/CycloneDxPlugin> (0x00000000ee6182d8) 
thrown [s\src\hotspot\share\oops\constantPool.cpp, line 837]

VM Operations (20 events):
Event: 22.065 Executing VM operation: G1CollectForAllocation
Event: 22.089 Executing VM operation: G1CollectForAllocation done
Event: 22.413 Executing VM operation: HandshakeAllThreads
Event: 22.414 Executing VM operation: HandshakeAllThreads done
Event: 23.415 Executing VM operation: Cleanup
Event: 23.415 Executing VM operation: Cleanup done
Event: 28.470 Executing VM operation: Cleanup
Event: 28.471 Executing VM operation: Cleanup done
Event: 30.480 Executing VM operation: Cleanup
Event: 30.480 Executing VM operation: Cleanup done
Event: 33.508 Executing VM operation: Cleanup
Event: 33.508 Executing VM operation: Cleanup done
Event: 34.520 Executing VM operation: Cleanup
Event: 34.520 Executing VM operation: Cleanup done
Event: 35.524 Executing VM operation: Cleanup
Event: 35.524 Executing VM operation: Cleanup done
Event: 47.445 Executing VM operation: ICBufferFull
Event: 47.445 Executing VM operation: ICBufferFull done
Event: 47.620 Executing VM operation: ICBufferFull
Event: 47.620 Executing VM operation: ICBufferFull done

Memory protections (0 events):
No events

Nmethod flushes (20 events):
Event: 16.671 Thread 0x0000027eaf7edf20 flushing  nmethod 0x0000027e9d867110
Event: 16.671 Thread 0x0000027eaf7edf20 flushing  nmethod 0x0000027e9d867b10
Event: 16.671 Thread 0x0000027eaf7edf20 flushing  nmethod 0x0000027e9d868410
Event: 16.671 Thread 0x0000027eaf7edf20 flushing  nmethod 0x0000027e9d8c3c90
Event: 16.671 Thread 0x0000027eaf7edf20 flushing  nmethod 0x0000027e9d8f6c90
Event: 16.671 Thread 0x0000027eaf7edf20 flushing  nmethod 0x0000027e9d8f7490
Event: 16.671 Thread 0x0000027eaf7edf20 flushing  nmethod 0x0000027e9d8f8390
Event: 16.671 Thread 0x0000027eaf7edf20 flushing  nmethod 0x0000027e9d8f9310
Event: 16.671 Thread 0x0000027eaf7edf20 flushing  nmethod 0x0000027e9d8f9f90
Event: 16.672 Thread 0x0000027eaf7edf20 flushing  nmethod 0x0000027e9d8fad90
Event: 16.672 Thread 0x0000027eaf7edf20 flushing  nmethod 0x0000027e9d8fb110
Event: 16.672 Thread 0x0000027eaf7edf20 flushing  nmethod 0x0000027e9d8fb910
Event: 16.672 Thread 0x0000027eaf7edf20 flushing  nmethod 0x0000027e9d8fc290
Event: 16.672 Thread 0x0000027eaf7edf20 flushing  nmethod 0x0000027e9d905710
Event: 16.672 Thread 0x0000027eaf7edf20 flushing  nmethod 0x0000027e9d908290
Event: 16.672 Thread 0x0000027eaf7edf20 flushing  nmethod 0x0000027e9d909190
Event: 16.672 Thread 0x0000027eaf7edf20 flushing  nmethod 0x0000027e9d909c90
Event: 16.672 Thread 0x0000027eaf7edf20 flushing  nmethod 0x0000027e9d90a490
Event: 21.542 Thread 0x0000027eaf7edf20 flushing  nmethod 0x0000027e9c76a390
Event: 21.543 Thread 0x0000027eaf7edf20 flushing  nmethod 0x0000027e9c809d10

Events (20 events):
Event: 47.917 Thread 0x0000027ecab8f080 Thread added: 0x0000027ecc5918e0
Event: 47.924 Thread 0x0000027ecab8f080 Thread added: 0x0000027ecc58f060
Event: 47.931 Thread 0x0000027ecab8f080 Thread added: 0x0000027ecc5913d0
Event: 47.966 Thread 0x0000027ecab8f080 Thread added: 0x0000027ecc58ff90
Event: 47.974 Thread 0x0000027ecab8f080 Thread added: 0x0000027ecc592d20
Event: 47.985 Thread 0x0000027ecab8f080 Thread added: 0x0000027ecc591df0
Event: 47.993 Thread 0x0000027ecab8f080 Thread added: 0x0000027ecc5909b0
Event: 48.002 Thread 0x0000027ecab8f080 Thread added: 0x0000027ecc58f570
Event: 48.011 Thread 0x0000027ecab8f080 Thread added: 0x0000027ecc58fa80
Event: 48.020 Thread 0x0000027ecab8f080 Thread added: 0x0000027ecc5904a0
Event: 48.030 Thread 0x0000027ecab8f080 Thread added: 0x0000027ecc594160
Event: 48.043 Thread 0x0000027ecab8f080 Thread added: 0x0000027ecc590ec0
Event: 48.061 Thread 0x0000027ecab8f080 Thread added: 0x0000027ecc595fc0
Event: 48.071 Thread 0x0000027ecab8f080 Thread added: 0x0000027ecca55db0
Event: 48.107 Thread 0x0000027ecab8f080 Thread added: 0x0000027ecca59a70
Event: 48.119 Thread 0x0000027ecab8f080 Thread added: 0x0000027ecca562c0
Event: 48.131 Thread 0x0000027ecab8f080 Thread added: 0x0000027ecca59f80
Event: 48.156 Thread 0x0000027ecab8f080 Thread added: 0x0000027ecca5a490
Event: 48.195 Thread 0x0000027ecab8f080 Thread added: 0x0000027ecca56ce0
Event: 48.206 Thread 0x0000027ecab8f080 Thread added: 0x0000027ecca5a9a0


Dynamic libraries:
0x00007ff761bf0000 - 0x00007ff761bfe000 	C:\Users\kithu\.jdks\jdk17.0.15_6\bin\java.exe
0x00007ffc69760000 - 0x00007ffc699c8000 	C:\WINDOWS\SYSTEM32\ntdll.dll
0x00007ffc683c0000 - 0x00007ffc68489000 	C:\WINDOWS\System32\KERNEL32.DLL
0x00007ffc67020000 - 0x00007ffc67418000 	C:\WINDOWS\System32\KERNELBASE.dll
0x00007ffc66bf0000 - 0x00007ffc66d3b000 	C:\WINDOWS\System32\ucrtbase.dll
0x00007ffc40570000 - 0x00007ffc40587000 	C:\Users\kithu\.jdks\jdk17.0.15_6\bin\jli.dll
0x00007ffc433b0000 - 0x00007ffc433cb000 	C:\Users\kithu\.jdks\jdk17.0.15_6\bin\VCRUNTIME140.dll
0x00007ffc68a60000 - 0x00007ffc68c27000 	C:\WINDOWS\System32\USER32.dll
0x00007ffc674d0000 - 0x00007ffc674f7000 	C:\WINDOWS\System32\win32u.dll
0x00007ffc4d440000 - 0x00007ffc4d6d4000 	C:\WINDOWS\WinSxS\amd64_microsoft.windows.common-controls_6595b64144ccf1df_6.0.26100.7019_none_3e06ffa0e335b8a8\COMCTL32.dll
0x00007ffc68d10000 - 0x00007ffc68d3b000 	C:\WINDOWS\System32\GDI32.dll
0x00007ffc67f40000 - 0x00007ffc67fe9000 	C:\WINDOWS\System32\msvcrt.dll
0x00007ffc66a30000 - 0x00007ffc66b5c000 	C:\WINDOWS\System32\gdi32full.dll
0x00007ffc66d40000 - 0x00007ffc66de3000 	C:\WINDOWS\System32\msvcp_win.dll
0x00007ffc68590000 - 0x00007ffc685c1000 	C:\WINDOWS\System32\IMM32.DLL
0x00007ffc55750000 - 0x00007ffc5575c000 	C:\Users\kithu\.jdks\jdk17.0.15_6\bin\vcruntime140_1.dll
0x00007ffc16930000 - 0x00007ffc169bd000 	C:\Users\kithu\.jdks\jdk17.0.15_6\bin\msvcp140.dll
0x00007ffbcdcf0000 - 0x00007ffbce95c000 	C:\Users\kithu\.jdks\jdk17.0.15_6\bin\server\jvm.dll
0x00007ffc679c0000 - 0x00007ffc67a74000 	C:\WINDOWS\System32\ADVAPI32.dll
0x00007ffc67e80000 - 0x00007ffc67f26000 	C:\WINDOWS\System32\sechost.dll
0x00007ffc678a0000 - 0x00007ffc679b8000 	C:\WINDOWS\System32\RPCRT4.dll
0x00007ffc696a0000 - 0x00007ffc69714000 	C:\WINDOWS\System32\WS2_32.dll
0x00007ffc66730000 - 0x00007ffc6678e000 	C:\WINDOWS\SYSTEM32\POWRPROF.dll
0x00007ffc5dcd0000 - 0x00007ffc5dd05000 	C:\WINDOWS\SYSTEM32\WINMM.dll
0x00007ffc60050000 - 0x00007ffc6005b000 	C:\WINDOWS\SYSTEM32\VERSION.dll
0x00007ffc66710000 - 0x00007ffc66724000 	C:\WINDOWS\SYSTEM32\UMPDC.dll
0x00007ffc65640000 - 0x00007ffc6565b000 	C:\WINDOWS\SYSTEM32\kernel.appcore.dll
0x00007ffc556a0000 - 0x00007ffc556aa000 	C:\Users\kithu\.jdks\jdk17.0.15_6\bin\jimage.dll
0x00007ffc63880000 - 0x00007ffc63ac2000 	C:\WINDOWS\SYSTEM32\DBGHELP.DLL
0x00007ffc67510000 - 0x00007ffc6789b000 	C:\WINDOWS\System32\combase.dll
0x00007ffc68c30000 - 0x00007ffc68d07000 	C:\WINDOWS\System32\OLEAUT32.dll
0x00007ffc4d890000 - 0x00007ffc4d8cc000 	C:\WINDOWS\SYSTEM32\dbgcore.DLL
0x00007ffc67420000 - 0x00007ffc674c5000 	C:\WINDOWS\System32\bcryptPrimitives.dll
0x00007ffc55470000 - 0x00007ffc5547e000 	C:\Users\kithu\.jdks\jdk17.0.15_6\bin\instrument.dll
0x00007ffc33a30000 - 0x00007ffc33a55000 	C:\Users\kithu\.jdks\jdk17.0.15_6\bin\java.dll
0x00007ffc16850000 - 0x00007ffc16927000 	C:\Users\kithu\.jdks\jdk17.0.15_6\bin\jsvml.dll
0x00007ffc68d40000 - 0x00007ffc69491000 	C:\WINDOWS\System32\SHELL32.dll
0x00007ffc66eb0000 - 0x00007ffc6701b000 	C:\WINDOWS\System32\wintypes.dll
0x00007ffc64490000 - 0x00007ffc64ced000 	C:\WINDOWS\SYSTEM32\windows.storage.dll
0x00007ffc68490000 - 0x00007ffc68582000 	C:\WINDOWS\System32\SHCORE.dll
0x00007ffc694a0000 - 0x00007ffc69507000 	C:\WINDOWS\System32\shlwapi.dll
0x00007ffc667d0000 - 0x00007ffc667f9000 	C:\WINDOWS\SYSTEM32\profapi.dll
0x00007ffc36f70000 - 0x00007ffc36f88000 	C:\Users\kithu\.jdks\jdk17.0.15_6\bin\zip.dll
0x00007ffc36f20000 - 0x00007ffc36f39000 	C:\Users\kithu\.jdks\jdk17.0.15_6\bin\net.dll
0x00007ffc60ff0000 - 0x00007ffc61118000 	C:\WINDOWS\SYSTEM32\WINHTTP.dll
0x00007ffc65be0000 - 0x00007ffc65c4b000 	C:\WINDOWS\system32\mswsock.dll
0x00007ffc36c70000 - 0x00007ffc36c86000 	C:\Users\kithu\.jdks\jdk17.0.15_6\bin\nio.dll
0x00007ffc55190000 - 0x00007ffc551a0000 	C:\Users\kithu\.jdks\jdk17.0.15_6\bin\verify.dll
0x00007ffc33a80000 - 0x00007ffc33aa7000 	C:\Users\kithu\.gradle\native\1def1411415f61bf3af743bc5b6707747c0891f09f0c88961ee8f79bc544acac\windows-amd64\native-platform.dll
0x00007ffc16610000 - 0x00007ffc16688000 	C:\Users\kithu\.gradle\native\0.2.7\x86_64-windows-gnu\gradle-fileevents.dll
0x00007ffc53520000 - 0x00007ffc53529000 	C:\Users\kithu\.jdks\jdk17.0.15_6\bin\management.dll
0x00007ffc50ee0000 - 0x00007ffc50eeb000 	C:\Users\kithu\.jdks\jdk17.0.15_6\bin\management_ext.dll
0x00007ffc67500000 - 0x00007ffc67508000 	C:\WINDOWS\System32\PSAPI.DLL
0x00007ffc65020000 - 0x00007ffc65054000 	C:\WINDOWS\SYSTEM32\IPHLPAPI.DLL
0x00007ffc68000000 - 0x00007ffc6800a000 	C:\WINDOWS\System32\NSI.dll
0x00007ffc61260000 - 0x00007ffc6127e000 	C:\WINDOWS\SYSTEM32\dhcpcsvc6.DLL
0x00007ffc61230000 - 0x00007ffc61253000 	C:\WINDOWS\SYSTEM32\dhcpcsvc.DLL
0x00007ffc65060000 - 0x00007ffc6518c000 	C:\WINDOWS\SYSTEM32\DNSAPI.dll
0x00007ffc4f0c0000 - 0x00007ffc4f0c9000 	C:\Users\kithu\.jdks\jdk17.0.15_6\bin\extnet.dll
0x00007ffc65ea0000 - 0x00007ffc65ebb000 	C:\WINDOWS\SYSTEM32\CRYPTSP.dll
0x00007ffc655a0000 - 0x00007ffc655da000 	C:\WINDOWS\system32\rsaenh.dll
0x00007ffc65c90000 - 0x00007ffc65cbb000 	C:\WINDOWS\SYSTEM32\USERENV.dll
0x00007ffc667a0000 - 0x00007ffc667ca000 	C:\WINDOWS\SYSTEM32\bcrypt.dll
0x00007ffc65ec0000 - 0x00007ffc65ecc000 	C:\WINDOWS\SYSTEM32\CRYPTBASE.dll
0x00007ffc4f080000 - 0x00007ffc4f08e000 	C:\Users\kithu\.jdks\jdk17.0.15_6\bin\sunmscapi.dll
0x00007ffc668b0000 - 0x00007ffc66a27000 	C:\WINDOWS\System32\CRYPT32.dll
0x00007ffc660c0000 - 0x00007ffc660f0000 	C:\WINDOWS\SYSTEM32\ncrypt.dll
0x00007ffc66070000 - 0x00007ffc660af000 	C:\WINDOWS\SYSTEM32\NTASN1.dll
0x00007ffc45e90000 - 0x00007ffc45e98000 	C:\WINDOWS\system32\wshunix.dll
0x00007ffc65770000 - 0x00007ffc657a6000 	C:\WINDOWS\SYSTEM32\ntmarta.dll

dbghelp: loaded successfully - version: 4.0.5 - missing functions: none
symbol engine: initialized successfully - sym options: 0x614 - pdb path: .;C:\Users\kithu\.jdks\jdk17.0.15_6\bin;C:\WINDOWS\SYSTEM32;C:\WINDOWS\WinSxS\amd64_microsoft.windows.common-controls_6595b64144ccf1df_6.0.26100.7019_none_3e06ffa0e335b8a8;C:\Users\kithu\.jdks\jdk17.0.15_6\bin\server;C:\Users\kithu\.gradle\native\1def1411415f61bf3af743bc5b6707747c0891f09f0c88961ee8f79bc544acac\windows-amd64;C:\Users\kithu\.gradle\native\0.2.7\x86_64-windows-gnu

VM Arguments:
jvm_args: --add-opens=java.base/java.lang=ALL-UNNAMED --add-opens=java.base/java.lang.invoke=ALL-UNNAMED --add-opens=java.base/java.util=ALL-UNNAMED --add-opens=java.prefs/java.util.prefs=ALL-UNNAMED --add-exports=jdk.compiler/com.sun.tools.javac.api=ALL-UNNAMED --add-exports=jdk.compiler/com.sun.tools.javac.util=ALL-UNNAMED --add-opens=java.base/java.util=ALL-UNNAMED --add-opens=java.prefs/java.util.prefs=ALL-UNNAMED --add-opens=java.base/java.nio.charset=ALL-UNNAMED --add-opens=java.base/java.net=ALL-UNNAMED --add-opens=java.base/java.util.concurrent.atomic=ALL-UNNAMED --add-opens=java.xml/javax.xml.namespace=ALL-UNNAMED -XX:MaxMetaspaceSize=384m -XX:+HeapDumpOnOutOfMemoryError -Xms256m -Xmx512m -Dfile.encoding=UTF-8 -Duser.country=US -Duser.language=en -Duser.variant -javaagent:C:\Users\kithu\.gradle\wrapper\dists\gradle-8.14.3-bin\cv11ve7ro1n3o1j4so8xd9n66\gradle-8.14.3\lib\agents\gradle-instrumentation-agent-8.14.3.jar 
java_command: org.gradle.launcher.daemon.bootstrap.GradleDaemon 8.14.3
java_class_path (initial): C:\Users\kithu\.gradle\wrapper\dists\gradle-8.14.3-bin\cv11ve7ro1n3o1j4so8xd9n66\gradle-8.14.3\lib\gradle-daemon-main-8.14.3.jar
Launcher Type: SUN_STANDARD

[Global flags]
     intx CICompilerCount                          = 4                                         {product} {ergonomic}
   size_t CompressedClassSpaceSize                 = 335544320                                 {product} {ergonomic}
     uint ConcGCThreads                            = 2                                         {product} {ergonomic}
     uint G1ConcRefinementThreads                  = 8                                         {product} {ergonomic}
   size_t G1HeapRegionSize                         = 1048576                                   {product} {ergonomic}
    uintx GCDrainStackTargetSize                   = 64                                        {product} {ergonomic}
     bool HeapDumpOnOutOfMemoryError               = true                                   {manageable} {command line}
   size_t InitialHeapSize                          = 268435456                                 {product} {command line}
   size_t MarkStackSize                            = 4194304                                   {product} {ergonomic}
   size_t MaxHeapSize                              = 536870912                                 {product} {command line}
   size_t MaxMetaspaceSize                         = 402653184                                 {product} {command line}
   size_t MaxNewSize                               = 321912832                                 {product} {ergonomic}
   size_t MinHeapDeltaBytes                        = 1048576                                   {product} {ergonomic}
   size_t MinHeapSize                              = 268435456                                 {product} {command line}
    uintx NonNMethodCodeHeapSize                   = 5839372                                {pd product} {ergonomic}
    uintx NonProfiledCodeHeapSize                  = 122909434                              {pd product} {ergonomic}
    uintx ProfiledCodeHeapSize                     = 122909434                              {pd product} {ergonomic}
    uintx ReservedCodeCacheSize                    = 251658240                              {pd product} {ergonomic}
     bool SegmentedCodeCache                       = true                                      {product} {ergonomic}
   size_t SoftMaxHeapSize                          = 536870912                              {manageable} {ergonomic}
     bool UseCompressedClassPointers               = true                           {product lp64_product} {ergonomic}
     bool UseCompressedOops                        = true                           {product lp64_product} {ergonomic}
     bool UseG1GC                                  = true                                      {product} {ergonomic}
     bool UseLargePagesIndividualAllocation        = false                                  {pd product} {ergonomic}

Logging:
Log output configuration:
 #0: stdout all=warning uptime,level,tags
 #1: stderr all=off uptime,level,tags

Environment Variables:
JAVA_HOME=C:\Users\kithu\.jdks\jdk17.0.15_6
PATH=C:\Users\kithu\.jdks\jdk17.0.15_6\bin;C:\Program Files\Common Files\Oracle\Java\javapath;C:\WINDOWS\system32;C:\WINDOWS;C:\WINDOWS\System32\Wbem;C:\WINDOWS\System32\WindowsPowerShell\v1.0\;C:\WINDOWS\System32\OpenSSH\;C:\Program Files\dotnet\;E:\nodejs\;C:\Program Files\Git\cmd;C:\Program Files\Docker\Docker\resources\bin;C:\Users\kithu\AppData\Local\Programs\Python\Python312\Scripts\;C:\Users\kithu\AppData\Local\Programs\Python\Python312\;C:\Users\kithu\AppData\Local\Microsoft\WindowsApps;;C:\Program Files\JetBrains\CLion 2023.2.2\bin;;C:\Users\kithu\AppData\Roaming\npm;C:\Program Files\Azure Data Studio\bin;C:\Users\kithu\AppData\Local\Programs\Microsoft VS Code\bin;C:\Program Files\JetBrains\IntelliJ IDEA 2024.3.3\bin;;E:\cursor\AI\resources\app\bin
USERNAME=ADMIN
OS=Windows_NT
PROCESSOR_IDENTIFIER=Intel64 Family 6 Model 140 Stepping 1, GenuineIntel
TMP=C:\Users\kithu\AppData\Local\Temp
TEMP=C:\Users\kithu\AppData\Local\Temp



Periodic native trim disabled


---------------  S Y S T E M  ---------------

OS:
 Windows 11 , 64 bit Build 26100 (10.0.26100.7019)
OS uptime: 13 days 6:40 hours
Hyper-V role detected

CPU: total 8 (initial active 8) (4 cores per cpu, 2 threads per core) family 6 model 140 stepping 1 microcode 0xbc, cx8, cmov, fxsr, ht, mmx, 3dnowpref, sse, sse2, sse3, ssse3, sse4.1, sse4.2, popcnt, lzcnt, tsc, tscinvbit, avx, avx2, aes, erms, clmul, bmi1, bmi2, adx, avx512f, avx512dq, avx512cd, avx512bw, avx512vl, sha, fma, vzeroupper, avx512_vpopcntdq, avx512_vpclmulqdq, avx512_vaes, avx512_vnni, clflush, clflushopt, clwb, avx512_vbmi2, avx512_vbmi, hv
Processor Information for all 8 processors :
  Max Mhz: 2419, Current Mhz: 2419, Mhz Limit: 2419

Memory: 4k page, system-wide physical 16122M (1157M free)
TotalPageFile size 24444M (AvailPageFile size 26M)
current process WorkingSet (physical memory assigned to process): 475M, peak: 498M
current process commit charge ("private bytes"): 529M, peak: 561M

vm_info: OpenJDK 64-Bit Server VM (17.0.15+6-LTS) for windows-amd64 JRE (17.0.15+6-LTS), built on Apr  9 2025 23:33:55 by "Administrator" with MS VC++ 16.10 / 16.11 (VS2019)

END.
